<?xml version="1.0" ?>
<!DOCTYPE coverage SYSTEM "http://cobertura.sourceforge.net/xml/coverage-04.dtd">
<coverage lines-valid="1246"  lines-covered="721"  line-rate="0.5787"  branches-valid="753"  branches-covered="378"  branch-rate="0.502"  timestamp="1404728749447" complexity="0" version="0.1">
<sources>
	<source>/Users/stephenlong/developmentRepo/fh-forms</source>
</sources>
<packages>
	<package name="common"  line-rate="0.5870000000000001"  branch-rate="0.5226" >
	<classes>
		<class name="forms-rule-engine.js"  filename="lib/common/forms-rule-engine.js"  line-rate="0.5688"  branch-rate="0.523" >
		<methods>
			<method name="(anonymous_1)"  hits="1"  signature="()V" >
				<lines><line number="1"  hits="1" /></lines>
			</method>
			<method name="(anonymous_2)"  hits="136"  signature="()V" >
				<lines><line number="69"  hits="136" /></lines>
			</method>
			<method name="(anonymous_3)"  hits="0"  signature="()V" >
				<lines><line number="119"  hits="0" /></lines>
			</method>
			<method name="(anonymous_4)"  hits="0"  signature="()V" >
				<lines><line number="123"  hits="0" /></lines>
			</method>
			<method name="buildFieldMap"  hits="0"  signature="()V" >
				<lines><line number="127"  hits="0" /></lines>
			</method>
			<method name="(anonymous_6)"  hits="0"  signature="()V" >
				<lines><line number="129"  hits="0" /></lines>
			</method>
			<method name="(anonymous_7)"  hits="0"  signature="()V" >
				<lines><line number="130"  hits="0" /></lines>
			</method>
			<method name="(anonymous_8)"  hits="0"  signature="()V" >
				<lines><line number="146"  hits="0" /></lines>
			</method>
			<method name="buildFieldRuleMaps"  hits="0"  signature="()V" >
				<lines><line number="152"  hits="0" /></lines>
			</method>
			<method name="(anonymous_10)"  hits="0"  signature="()V" >
				<lines><line number="154"  hits="0" /></lines>
			</method>
			<method name="(anonymous_11)"  hits="0"  signature="()V" >
				<lines><line number="155"  hits="0" /></lines>
			</method>
			<method name="(anonymous_12)"  hits="0"  signature="()V" >
				<lines><line number="160"  hits="0" /></lines>
			</method>
			<method name="buildPageRuleMap"  hits="0"  signature="()V" >
				<lines><line number="168"  hits="0" /></lines>
			</method>
			<method name="(anonymous_14)"  hits="0"  signature="()V" >
				<lines><line number="170"  hits="0" /></lines>
			</method>
			<method name="(anonymous_15)"  hits="0"  signature="()V" >
				<lines><line number="172"  hits="0" /></lines>
			</method>
			<method name="(anonymous_16)"  hits="0"  signature="()V" >
				<lines><line number="177"  hits="0" /></lines>
			</method>
			<method name="buildSubmissionFieldsMap"  hits="0"  signature="()V" >
				<lines><line number="185"  hits="0" /></lines>
			</method>
			<method name="(anonymous_18)"  hits="0"  signature="()V" >
				<lines><line number="190"  hits="0" /></lines>
			</method>
			<method name="init"  hits="0"  signature="()V" >
				<lines><line number="198"  hits="0" /></lines>
			</method>
			<method name="(anonymous_20)"  hits="0"  signature="()V" >
				<lines><line number="204"  hits="0" /></lines>
			</method>
			<method name="initSubmission"  hits="0"  signature="()V" >
				<lines><line number="211"  hits="0" /></lines>
			</method>
			<method name="(anonymous_22)"  hits="0"  signature="()V" >
				<lines><line number="212"  hits="0" /></lines>
			</method>
			<method name="getPreviousFieldValues"  hits="0"  signature="()V" >
				<lines><line number="220"  hits="0" /></lines>
			</method>
			<method name="(anonymous_24)"  hits="0"  signature="()V" >
				<lines><line number="222"  hits="0" /></lines>
			</method>
			<method name="(anonymous_25)"  hits="0"  signature="()V" >
				<lines><line number="224"  hits="0" /></lines>
			</method>
			<method name="validateForm"  hits="0"  signature="()V" >
				<lines><line number="236"  hits="0" /></lines>
			</method>
			<method name="(anonymous_27)"  hits="0"  signature="()V" >
				<lines><line number="241"  hits="0" /></lines>
			</method>
			<method name="(anonymous_28)"  hits="0"  signature="()V" >
				<lines><line number="244"  hits="0" /></lines>
			</method>
			<method name="(anonymous_29)"  hits="0"  signature="()V" >
				<lines><line number="249"  hits="0" /></lines>
			</method>
			<method name="(anonymous_30)"  hits="0"  signature="()V" >
				<lines><line number="256"  hits="0" /></lines>
			</method>
			<method name="(anonymous_31)"  hits="0"  signature="()V" >
				<lines><line number="260"  hits="0" /></lines>
			</method>
			<method name="validateSubmittedFields"  hits="0"  signature="()V" >
				<lines><line number="269"  hits="0" /></lines>
			</method>
			<method name="(anonymous_33)"  hits="0"  signature="()V" >
				<lines><line number="271"  hits="0" /></lines>
			</method>
			<method name="(anonymous_34)"  hits="0"  signature="()V" >
				<lines><line number="275"  hits="0" /></lines>
			</method>
			<method name="(anonymous_35)"  hits="0"  signature="()V" >
				<lines><line number="277"  hits="0" /></lines>
			</method>
			<method name="(anonymous_36)"  hits="0"  signature="()V" >
				<lines><line number="289"  hits="0" /></lines>
			</method>
			<method name="checkIfRequiredFieldsNotSubmitted"  hits="0"  signature="()V" >
				<lines><line number="297"  hits="0" /></lines>
			</method>
			<method name="(anonymous_38)"  hits="0"  signature="()V" >
				<lines><line number="298"  hits="0" /></lines>
			</method>
			<method name="(anonymous_39)"  hits="0"  signature="()V" >
				<lines><line number="301"  hits="0" /></lines>
			</method>
			<method name="(anonymous_40)"  hits="0"  signature="()V" >
				<lines><line number="315"  hits="0" /></lines>
			</method>
			<method name="validateField"  hits="0"  signature="()V" >
				<lines><line number="335"  hits="0" /></lines>
			</method>
			<method name="(anonymous_42)"  hits="0"  signature="()V" >
				<lines><line number="336"  hits="0" /></lines>
			</method>
			<method name="(anonymous_43)"  hits="0"  signature="()V" >
				<lines><line number="339"  hits="0" /></lines>
			</method>
			<method name="(anonymous_44)"  hits="0"  signature="()V" >
				<lines><line number="344"  hits="0" /></lines>
			</method>
			<method name="validateFieldValue"  hits="0"  signature="()V" >
				<lines><line number="371"  hits="0" /></lines>
			</method>
			<method name="(anonymous_46)"  hits="0"  signature="()V" >
				<lines><line number="377"  hits="0" /></lines>
			</method>
			<method name="(anonymous_47)"  hits="0"  signature="()V" >
				<lines><line number="412"  hits="0" /></lines>
			</method>
			<method name="(anonymous_48)"  hits="0"  signature="()V" >
				<lines><line number="415"  hits="0" /></lines>
			</method>
			<method name="formatResponse"  hits="0"  signature="()V" >
				<lines><line number="429"  hits="0" /></lines>
			</method>
			<method name="(anonymous_50)"  hits="0"  signature="()V" >
				<lines><line number="436"  hits="0" /></lines>
			</method>
			<method name="createValidatorResponse"  hits="0"  signature="()V" >
				<lines><line number="447"  hits="0" /></lines>
			</method>
			<method name="(anonymous_52)"  hits="0"  signature="()V" >
				<lines><line number="453"  hits="0" /></lines>
			</method>
			<method name="(anonymous_53)"  hits="0"  signature="()V" >
				<lines><line number="455"  hits="0" /></lines>
			</method>
			<method name="getFieldValidationStatus"  hits="0"  signature="()V" >
				<lines><line number="462"  hits="0" /></lines>
			</method>
			<method name="(anonymous_55)"  hits="0"  signature="()V" >
				<lines><line number="463"  hits="0" /></lines>
			</method>
			<method name="getMapFunction"  hits="130"  signature="()V" >
				<lines><line number="469"  hits="130" /></lines>
			</method>
			<method name="getValidatorFunction"  hits="130"  signature="()V" >
				<lines><line number="478"  hits="130" /></lines>
			</method>
			<method name="getClientValidatorFunction"  hits="0"  signature="()V" >
				<lines><line number="482"  hits="0" /></lines>
			</method>
			<method name="fieldEmpty"  hits="237"  signature="()V" >
				<lines><line number="486"  hits="237" /></lines>
			</method>
			<method name="validateFieldInternal"  hits="130"  signature="()V" >
				<lines><line number="490"  hits="130" /></lines>
			</method>
			<method name="(anonymous_61)"  hits="130"  signature="()V" >
				<lines><line number="496"  hits="130" /></lines>
			</method>
			<method name="(anonymous_62)"  hits="130"  signature="()V" >
				<lines><line number="502"  hits="130" /></lines>
			</method>
			<method name="checkValueSubmitted"  hits="130"  signature="()V" >
				<lines><line number="521"  hits="130" /></lines>
			</method>
			<method name="countSubmittedValues"  hits="130"  signature="()V" >
				<lines><line number="530"  hits="130" /></lines>
			</method>
			<method name="checkRepeat"  hits="130"  signature="()V" >
				<lines><line number="542"  hits="130" /></lines>
			</method>
			<method name="checkValues"  hits="130"  signature="()V" >
				<lines><line number="565"  hits="130" /></lines>
			</method>
			<method name="(anonymous_67)"  hits="130"  signature="()V" >
				<lines><line number="566"  hits="130" /></lines>
			</method>
			<method name="(anonymous_68)"  hits="237"  signature="()V" >
				<lines><line number="568"  hits="237" /></lines>
			</method>
			<method name="(anonymous_69)"  hits="235"  signature="()V" >
				<lines><line number="572"  hits="235" /></lines>
			</method>
			<method name="(anonymous_70)"  hits="130"  signature="()V" >
				<lines><line number="587"  hits="130" /></lines>
			</method>
			<method name="convertSimpleFormatToRegex"  hits="31"  signature="()V" >
				<lines><line number="597"  hits="31" /></lines>
			</method>
			<method name="validFormatRegex"  hits="62"  signature="()V" >
				<lines><line number="625"  hits="62" /></lines>
			</method>
			<method name="validFormat"  hits="62"  signature="()V" >
				<lines><line number="630"  hits="62" /></lines>
			</method>
			<method name="validatorString"  hits="96"  signature="()V" >
				<lines><line number="643"  hits="96" /></lines>
			</method>
			<method name="validatorNumericString"  hits="12"  signature="()V" >
				<lines><line number="679"  hits="12" /></lines>
			</method>
			<method name="validatorNumber"  hits="11"  signature="()V" >
				<lines><line number="689"  hits="11" /></lines>
			</method>
			<method name="validatorEmail"  hits="9"  signature="()V" >
				<lines><line number="709"  hits="9" /></lines>
			</method>
			<method name="validatorDropDown"  hits="18"  signature="()V" >
				<lines><line number="721"  hits="18" /></lines>
			</method>
			<method name="(anonymous_79)"  hits="68"  signature="()V" >
				<lines><line number="731"  hits="68" /></lines>
			</method>
			<method name="(anonymous_80)"  hits="17"  signature="()V" >
				<lines><line number="733"  hits="17" /></lines>
			</method>
			<method name="validatorCheckboxes"  hits="8"  signature="()V" >
				<lines><line number="742"  hits="8" /></lines>
			</method>
			<method name="(anonymous_82)"  hits="30"  signature="()V" >
				<lines><line number="772"  hits="30" /></lines>
			</method>
			<method name="(anonymous_83)"  hits="6"  signature="()V" >
				<lines><line number="777"  hits="6" /></lines>
			</method>
			<method name="(anonymous_84)"  hits="16"  signature="()V" >
				<lines><line number="778"  hits="16" /></lines>
			</method>
			<method name="validatorLocationMap"  hits="0"  signature="()V" >
				<lines><line number="792"  hits="0" /></lines>
			</method>
			<method name="validatorLocation"  hits="12"  signature="()V" >
				<lines><line number="805"  hits="12" /></lines>
			</method>
			<method name="validateNorthingsEastings"  hits="4"  signature="()V" >
				<lines><line number="825"  hits="4" /></lines>
			</method>
			<method name="validatorAnyFile"  hits="0"  signature="()V" >
				<lines><line number="844"  hits="0" /></lines>
			</method>
			<method name="(anonymous_89)"  hits="0"  signature="()V" >
				<lines><line number="846"  hits="0" /></lines>
			</method>
			<method name="(anonymous_90)"  hits="0"  signature="()V" >
				<lines><line number="850"  hits="0" /></lines>
			</method>
			<method name="(anonymous_91)"  hits="0"  signature="()V" >
				<lines><line number="854"  hits="0" /></lines>
			</method>
			<method name="checkFileSize"  hits="28"  signature="()V" >
				<lines><line number="864"  hits="28" /></lines>
			</method>
			<method name="validatorFile"  hits="66"  signature="()V" >
				<lines><line number="887"  hits="66" /></lines>
			</method>
			<method name="(anonymous_94)"  hits="330"  signature="()V" >
				<lines><line number="915"  hits="330" /></lines>
			</method>
			<method name="(anonymous_95)"  hits="66"  signature="()V" >
				<lines><line number="925"  hits="66" /></lines>
			</method>
			<method name="(anonymous_96)"  hits="28"  signature="()V" >
				<lines><line number="928"  hits="28" /></lines>
			</method>
			<method name="validatorFileObj"  hits="0"  signature="()V" >
				<lines><line number="944"  hits="0" /></lines>
			</method>
			<method name="(anonymous_98)"  hits="0"  signature="()V" >
				<lines><line number="960"  hits="0" /></lines>
			</method>
			<method name="(anonymous_99)"  hits="0"  signature="()V" >
				<lines><line number="973"  hits="0" /></lines>
			</method>
			<method name="(anonymous_100)"  hits="0"  signature="()V" >
				<lines><line number="977"  hits="0" /></lines>
			</method>
			<method name="validatorBase64"  hits="0"  signature="()V" >
				<lines><line number="986"  hits="0" /></lines>
			</method>
			<method name="validatorDateTime"  hits="12"  signature="()V" >
				<lines><line number="998"  hits="12" /></lines>
			</method>
			<method name="validatorSection"  hits="2"  signature="()V" >
				<lines><line number="1112"  hits="2" /></lines>
			</method>
			<method name="rulesResult"  hits="0"  signature="()V" >
				<lines><line number="1116"  hits="0" /></lines>
			</method>
			<method name="(anonymous_105)"  hits="0"  signature="()V" >
				<lines><line number="1120"  hits="0" /></lines>
			</method>
			<method name="(anonymous_106)"  hits="0"  signature="()V" >
				<lines><line number="1124"  hits="0" /></lines>
			</method>
			<method name="(anonymous_107)"  hits="0"  signature="()V" >
				<lines><line number="1150"  hits="0" /></lines>
			</method>
			<method name="rulesPassed"  hits="0"  signature="()V" >
				<lines><line number="1153"  hits="0" /></lines>
			</method>
			<method name="(anonymous_109)"  hits="0"  signature="()V" >
				<lines><line number="1165"  hits="0" /></lines>
			</method>
			<method name="isPageVisible"  hits="0"  signature="()V" >
				<lines><line number="1172"  hits="0" /></lines>
			</method>
			<method name="(anonymous_111)"  hits="0"  signature="()V" >
				<lines><line number="1173"  hits="0" /></lines>
			</method>
			<method name="isFieldVisible"  hits="0"  signature="()V" >
				<lines><line number="1184"  hits="0" /></lines>
			</method>
			<method name="(anonymous_113)"  hits="0"  signature="()V" >
				<lines><line number="1189"  hits="0" /></lines>
			</method>
			<method name="testPage"  hits="0"  signature="()V" >
				<lines><line number="1200"  hits="0" /></lines>
			</method>
			<method name="testField"  hits="0"  signature="()V" >
				<lines><line number="1207"  hits="0" /></lines>
			</method>
			<method name="checkRules"  hits="0"  signature="()V" >
				<lines><line number="1238"  hits="0" /></lines>
			</method>
			<method name="(anonymous_117)"  hits="0"  signature="()V" >
				<lines><line number="1239"  hits="0" /></lines>
			</method>
			<method name="(anonymous_118)"  hits="0"  signature="()V" >
				<lines><line number="1242"  hits="0" /></lines>
			</method>
			<method name="(anonymous_119)"  hits="0"  signature="()V" >
				<lines><line number="1248"  hits="0" /></lines>
			</method>
			<method name="(anonymous_120)"  hits="0"  signature="()V" >
				<lines><line number="1250"  hits="0" /></lines>
			</method>
			<method name="(anonymous_121)"  hits="0"  signature="()V" >
				<lines><line number="1251"  hits="0" /></lines>
			</method>
			<method name="(anonymous_122)"  hits="0"  signature="()V" >
				<lines><line number="1261"  hits="0" /></lines>
			</method>
			<method name="(anonymous_123)"  hits="0"  signature="()V" >
				<lines><line number="1263"  hits="0" /></lines>
			</method>
			<method name="(anonymous_124)"  hits="0"  signature="()V" >
				<lines><line number="1264"  hits="0" /></lines>
			</method>
			<method name="(anonymous_125)"  hits="0"  signature="()V" >
				<lines><line number="1274"  hits="0" /></lines>
			</method>
			<method name="isNumberBetween"  hits="163"  signature="()V" >
				<lines><line number="1299"  hits="163" /></lines>
			</method>
			<method name="cvtTimeToSeconds"  hits="54"  signature="()V" >
				<lines><line number="1304"  hits="54" /></lines>
			</method>
			<method name="isConditionActive"  hits="252"  signature="()V" >
				<lines><line number="1325"  hits="252" /></lines>
			</method>
			<method name="numericalComparison"  hits="23"  signature="()V" >
				<lines><line number="1334"  hits="23" /></lines>
			</method>
		</methods>
		<lines>
			<line number="1"  hits="1"  branch="false" />
			<line number="3"  hits="1"  branch="false" />
			<line number="63"  hits="1"  branch="false" />
			<line number="64"  hits="1"  branch="false" />
			<line number="65"  hits="1"  branch="false" />
			<line number="66"  hits="1"  branch="false" />
			<line number="67"  hits="1"  branch="false" />
			<line number="69"  hits="1"  branch="false" />
			<line number="70"  hits="136"  branch="false" />
			<line number="72"  hits="136"  branch="false" />
			<line number="73"  hits="136"  branch="false" />
			<line number="75"  hits="136"  branch="false" />
			<line number="76"  hits="136"  branch="false" />
			<line number="77"  hits="136"  branch="false" />
			<line number="78"  hits="136"  branch="false" />
			<line number="79"  hits="136"  branch="false" />
			<line number="80"  hits="136"  branch="false" />
			<line number="81"  hits="136"  branch="false" />
			<line number="82"  hits="136"  branch="false" />
			<line number="83"  hits="136"  branch="false" />
			<line number="101"  hits="136"  branch="false" />
			<line number="119"  hits="136"  branch="false" />
			<line number="120"  hits="0"  branch="false" />
			<line number="123"  hits="136"  branch="false" />
			<line number="124"  hits="0"  branch="false" />
			<line number="127"  hits="1"  branch="false" />
			<line number="129"  hits="0"  branch="false" />
			<line number="130"  hits="0"  branch="false" />
			<line number="131"  hits="0"  branch="false" />
			<line number="133"  hits="0"  branch="true"  condition-coverage="0% (0/2)" />
			<line number="134"  hits="0"  branch="true"  condition-coverage="0% (0/2)" />
			<line number="135"  hits="0"  branch="true"  condition-coverage="0% (0/2)" />
			<line number="137"  hits="0"  branch="false" />
			<line number="138"  hits="0"  branch="true"  condition-coverage="0% (0/2)" />
			<line number="139"  hits="0"  branch="false" />
			<line number="145"  hits="0"  branch="false" />
			<line number="147"  hits="0"  branch="false" />
			<line number="152"  hits="1"  branch="false" />
			<line number="154"  hits="0"  branch="false" />
			<line number="155"  hits="0"  branch="false" />
			<line number="156"  hits="0"  branch="false" />
			<line number="157"  hits="0"  branch="true"  condition-coverage="0% (0/2)" />
			<line number="158"  hits="0"  branch="false" />
			<line number="159"  hits="0"  branch="false" />
			<line number="161"  hits="0"  branch="true"  condition-coverage="0% (0/2)" />
			<line number="162"  hits="0"  branch="false" />
			<line number="163"  hits="0"  branch="false" />
			<line number="168"  hits="1"  branch="false" />
			<line number="170"  hits="0"  branch="false" />
			<line number="171"  hits="0"  branch="false" />
			<line number="172"  hits="0"  branch="false" />
			<line number="173"  hits="0"  branch="false" />
			<line number="174"  hits="0"  branch="true"  condition-coverage="0% (0/2)" />
			<line number="175"  hits="0"  branch="false" />
			<line number="176"  hits="0"  branch="false" />
			<line number="178"  hits="0"  branch="true"  condition-coverage="0% (0/2)" />
			<line number="179"  hits="0"  branch="false" />
			<line number="180"  hits="0"  branch="false" />
			<line number="185"  hits="1"  branch="false" />
			<line number="186"  hits="0"  branch="false" />
			<line number="187"  hits="0"  branch="false" />
			<line number="190"  hits="0"  branch="false" />
			<line number="191"  hits="0"  branch="true"  condition-coverage="0% (0/2)" />
			<line number="193"  hits="0"  branch="false" />
			<line number="194"  hits="0"  branch="false" />
			<line number="198"  hits="1"  branch="false" />
			<line number="199"  hits="0"  branch="true"  condition-coverage="0% (0/2)" />
			<line number="200"  hits="0"  branch="false" />
			<line number="205"  hits="0"  branch="true"  condition-coverage="0% (0/2)" />
			<line number="206"  hits="0"  branch="false" />
			<line number="207"  hits="0"  branch="false" />
			<line number="211"  hits="1"  branch="false" />
			<line number="212"  hits="0"  branch="false" />
			<line number="213"  hits="0"  branch="true"  condition-coverage="0% (0/2)" />
			<line number="215"  hits="0"  branch="false" />
			<line number="216"  hits="0"  branch="false" />
			<line number="220"  hits="1"  branch="false" />
			<line number="221"  hits="0"  branch="true"  condition-coverage="0% (0/4)" />
			<line number="222"  hits="0"  branch="false" />
			<line number="223"  hits="0"  branch="false" />
			<line number="225"  hits="0"  branch="false" />
			<line number="226"  hits="0"  branch="true"  condition-coverage="0% (0/5)" />
			<line number="227"  hits="0"  branch="false" />
			<line number="229"  hits="0"  branch="false" />
			<line number="232"  hits="0"  branch="false" />
			<line number="236"  hits="1"  branch="false" />
			<line number="237"  hits="0"  branch="true"  condition-coverage="0% (0/2)" />
			<line number="238"  hits="0"  branch="false" />
			<line number="239"  hits="0"  branch="false" />
			<line number="241"  hits="0"  branch="false" />
			<line number="242"  hits="0"  branch="true"  condition-coverage="0% (0/2)" />
			<line number="244"  hits="0"  branch="false" />
			<line number="245"  hits="0"  branch="true"  condition-coverage="0% (0/2)" />
			<line number="247"  hits="0"  branch="false" />
			<line number="250"  hits="0"  branch="false" />
			<line number="257"  hits="0"  branch="false" />
			<line number="261"  hits="0"  branch="true"  condition-coverage="0% (0/2)" />
			<line number="263"  hits="0"  branch="false" />
			<line number="269"  hits="1"  branch="false" />
			<line number="271"  hits="0"  branch="false" />
			<line number="272"  hits="0"  branch="false" />
			<line number="273"  hits="0"  branch="false" />
			<line number="275"  hits="0"  branch="false" />
			<line number="276"  hits="0"  branch="true"  condition-coverage="0% (0/2)" />
			<line number="277"  hits="0"  branch="false" />
			<line number="278"  hits="0"  branch="true"  condition-coverage="0% (0/2)" />
			<line number="280"  hits="0"  branch="true"  condition-coverage="0% (0/2)" />
			<line number="281"  hits="0"  branch="false" />
			<line number="282"  hits="0"  branch="false" />
			<line number="285"  hits="0"  branch="false" />
			<line number="290"  hits="0"  branch="true"  condition-coverage="0% (0/2)" />
			<line number="291"  hits="0"  branch="false" />
			<line number="293"  hits="0"  branch="false" />
			<line number="297"  hits="1"  branch="false" />
			<line number="298"  hits="0"  branch="false" />
			<line number="299"  hits="0"  branch="false" />
			<line number="300"  hits="0"  branch="true"  condition-coverage="0% (0/2)" />
			<line number="301"  hits="0"  branch="false" />
			<line number="302"  hits="0"  branch="true"  condition-coverage="0% (0/2)" />
			<line number="303"  hits="0"  branch="true"  condition-coverage="0% (0/2)" />
			<line number="304"  hits="0"  branch="false" />
			<line number="305"  hits="0"  branch="false" />
			<line number="306"  hits="0"  branch="false" />
			<line number="307"  hits="0"  branch="false" />
			<line number="308"  hits="0"  branch="false" />
			<line number="310"  hits="0"  branch="false" />
			<line number="313"  hits="0"  branch="false" />
			<line number="316"  hits="0"  branch="true"  condition-coverage="0% (0/2)" />
			<line number="317"  hits="0"  branch="false" />
			<line number="335"  hits="1"  branch="false" />
			<line number="336"  hits="0"  branch="false" />
			<line number="337"  hits="0"  branch="true"  condition-coverage="0% (0/2)" />
			<line number="339"  hits="0"  branch="false" />
			<line number="340"  hits="0"  branch="true"  condition-coverage="0% (0/2)" />
			<line number="342"  hits="0"  branch="false" />
			<line number="343"  hits="0"  branch="false" />
			<line number="344"  hits="0"  branch="false" />
			<line number="345"  hits="0"  branch="true"  condition-coverage="0% (0/2)" />
			<line number="346"  hits="0"  branch="false" />
			<line number="349"  hits="0"  branch="false" />
			<line number="350"  hits="0"  branch="false" />
			<line number="371"  hits="1"  branch="false" />
			<line number="372"  hits="0"  branch="true"  condition-coverage="0% (0/2)" />
			<line number="373"  hits="0"  branch="false" />
			<line number="374"  hits="0"  branch="false" />
			<line number="377"  hits="0"  branch="false" />
			<line number="378"  hits="0"  branch="true"  condition-coverage="0% (0/2)" />
			<line number="379"  hits="0"  branch="false" />
			<line number="381"  hits="0"  branch="false" />
			<line number="382"  hits="0"  branch="true"  condition-coverage="0% (0/6)" />
			<line number="386"  hits="0"  branch="false" />
			<line number="388"  hits="0"  branch="false" />
			<line number="391"  hits="0"  branch="true"  condition-coverage="0% (0/4)" />
			<line number="393"  hits="0"  branch="true"  condition-coverage="0% (0/4)" />
			<line number="394"  hits="0"  branch="false" />
			<line number="397"  hits="0"  branch="false" />
			<line number="400"  hits="0"  branch="false" />
			<line number="403"  hits="0"  branch="true"  condition-coverage="0% (0/2)" />
			<line number="404"  hits="0"  branch="true"  condition-coverage="0% (0/2)" />
			<line number="405"  hits="0"  branch="false" />
			<line number="407"  hits="0"  branch="false" />
			<line number="412"  hits="0"  branch="false" />
			<line number="413"  hits="0"  branch="true"  condition-coverage="0% (0/2)" />
			<line number="415"  hits="0"  branch="false" />
			<line number="416"  hits="0"  branch="false" />
			<line number="417"  hits="0"  branch="true"  condition-coverage="0% (0/2)" />
			<line number="418"  hits="0"  branch="true"  condition-coverage="0% (0/2)" />
			<line number="419"  hits="0"  branch="false" />
			<line number="421"  hits="0"  branch="false" />
			<line number="424"  hits="0"  branch="false" />
			<line number="429"  hits="1"  branch="false" />
			<line number="430"  hits="0"  branch="false" />
			<line number="433"  hits="0"  branch="true"  condition-coverage="0% (0/2)" />
			<line number="434"  hits="0"  branch="false" />
			<line number="436"  hits="0"  branch="false" />
			<line number="437"  hits="0"  branch="true"  condition-coverage="0% (0/2)" />
			<line number="438"  hits="0"  branch="false" />
			<line number="441"  hits="0"  branch="false" />
			<line number="442"  hits="0"  branch="false" />
			<line number="447"  hits="1"  branch="false" />
			<line number="449"  hits="0"  branch="false" />
			<line number="450"  hits="0"  branch="false" />
			<line number="451"  hits="0"  branch="true"  condition-coverage="0% (0/2)" />
			<line number="452"  hits="0"  branch="true"  condition-coverage="0% (0/2)" />
			<line number="453"  hits="0"  branch="false" />
			<line number="454"  hits="0"  branch="false" />
			<line number="456"  hits="0"  branch="true"  condition-coverage="0% (0/2)" />
			<line number="458"  hits="0"  branch="false" />
			<line number="462"  hits="1"  branch="false" />
			<line number="463"  hits="0"  branch="false" />
			<line number="464"  hits="0"  branch="true"  condition-coverage="0% (0/2)" />
			<line number="465"  hits="0"  branch="false" />
			<line number="469"  hits="1"  branch="false" />
			<line number="470"  hits="130"  branch="false" />
			<line number="471"  hits="130"  branch="true"  condition-coverage="50% (1/2)" />
			<line number="472"  hits="0"  branch="false" />
			<line number="475"  hits="130"  branch="false" />
			<line number="478"  hits="1"  branch="false" />
			<line number="479"  hits="130"  branch="false" />
			<line number="482"  hits="1"  branch="false" />
			<line number="483"  hits="0"  branch="false" />
			<line number="486"  hits="1"  branch="false" />
			<line number="487"  hits="237"  branch="true"  condition-coverage="100% (3/3)" />
			<line number="490"  hits="1"  branch="false" />
			<line number="491"  hits="130"  branch="true"  condition-coverage="50% (1/2)" />
			<line number="492"  hits="130"  branch="false" />
			<line number="493"  hits="130"  branch="false" />
			<line number="496"  hits="130"  branch="false" />
			<line number="497"  hits="130"  branch="true"  condition-coverage="50% (1/2)" />
			<line number="498"  hits="130"  branch="false" />
			<line number="503"  hits="130"  branch="true"  condition-coverage="50% (1/2)" />
			<line number="505"  hits="130"  branch="false" />
			<line number="506"  hits="130"  branch="true"  condition-coverage="50% (1/2)" />
			<line number="507"  hits="0"  branch="false" />
			<line number="509"  hits="130"  branch="true"  condition-coverage="100% (2/2)" />
			<line number="510"  hits="5"  branch="false" />
			<line number="512"  hits="130"  branch="false" />
			<line number="519"  hits="130"  branch="false" />
			<line number="521"  hits="1"  branch="false" />
			<line number="522"  hits="130"  branch="true"  condition-coverage="50% (1/2)" />
			<line number="523"  hits="0"  branch="true"  condition-coverage="0% (0/3)" />
			<line number="524"  hits="0"  branch="true"  condition-coverage="0% (0/2)" />
			<line number="525"  hits="0"  branch="false" />
			<line number="527"  hits="0"  branch="false" />
			<line number="530"  hits="1"  branch="false" />
			<line number="531"  hits="130"  branch="false" />
			<line number="532"  hits="130"  branch="true"  condition-coverage="100% (5/5)" />
			<line number="533"  hits="129"  branch="false" />
			<line number="534"  hits="237"  branch="true"  condition-coverage="100% (2/2)" />
			<line number="535"  hits="235"  branch="false" />
			<line number="539"  hits="130"  branch="false" />
			<line number="542"  hits="1"  branch="false" />
			<line number="544"  hits="130"  branch="true"  condition-coverage="100% (5/5)" />
			<line number="545"  hits="128"  branch="true"  condition-coverage="50% (1/2)" />
			<line number="546"  hits="128"  branch="true"  condition-coverage="100% (2/2)" />
			<line number="547"  hits="3"  branch="false" />
			<line number="551"  hits="125"  branch="true"  condition-coverage="50% (1/2)" />
			<line number="552"  hits="125"  branch="true"  condition-coverage="100% (2/2)" />
			<line number="553"  hits="1"  branch="false" />
			<line number="557"  hits="2"  branch="true"  condition-coverage="100% (2/2)" />
			<line number="558"  hits="1"  branch="false" />
			<line number="562"  hits="125"  branch="false" />
			<line number="565"  hits="1"  branch="false" />
			<line number="566"  hits="130"  branch="false" />
			<line number="567"  hits="130"  branch="true"  condition-coverage="50% (1/2)" />
			<line number="568"  hits="130"  branch="false" />
			<line number="569"  hits="237"  branch="true"  condition-coverage="100% (2/2)" />
			<line number="570"  hits="2"  branch="false" />
			<line number="572"  hits="235"  branch="false" />
			<line number="573"  hits="235"  branch="false" />
			<line number="574"  hits="235"  branch="true"  condition-coverage="100% (2/2)" />
			<line number="575"  hits="120"  branch="true"  condition-coverage="50% (1/2)" />
			<line number="577"  hits="115"  branch="false" />
			<line number="580"  hits="235"  branch="true"  condition-coverage="50% (1/2)" />
			<line number="581"  hits="0"  branch="false" />
			<line number="584"  hits="235"  branch="false" />
			<line number="588"  hits="130"  branch="true"  condition-coverage="50% (1/2)" />
			<line number="590"  hits="130"  branch="false" />
			<line number="597"  hits="1"  branch="false" />
			<line number="598"  hits="31"  branch="false" />
			<line number="599"  hits="31"  branch="false" />
			<line number="600"  hits="31"  branch="false" />
			<line number="602"  hits="31"  branch="false" />
			<line number="603"  hits="31"  branch="false" />
			<line number="604"  hits="31"  branch="false" />
			<line number="605"  hits="31"  branch="false" />
			<line number="606"  hits="31"  branch="false" />
			<line number="607"  hits="310"  branch="false" />
			<line number="608"  hits="310"  branch="true"  condition-coverage="100% (3/3)" />
			<line number="610"  hits="62"  branch="false" />
			<line number="611"  hits="62"  branch="false" />
			<line number="613"  hits="217"  branch="false" />
			<line number="614"  hits="217"  branch="false" />
			<line number="616"  hits="31"  branch="false" />
			<line number="617"  hits="31"  branch="false" />
			<line number="618"  hits="31"  branch="false" />
			<line number="620"  hits="310"  branch="false" />
			<line number="622"  hits="31"  branch="false" />
			<line number="625"  hits="1"  branch="false" />
			<line number="626"  hits="62"  branch="false" />
			<line number="627"  hits="62"  branch="false" />
			<line number="630"  hits="1"  branch="false" />
			<line number="631"  hits="62"  branch="false" />
			<line number="632"  hits="62"  branch="true"  condition-coverage="100% (2/2)" />
			<line number="633"  hits="31"  branch="false" />
			<line number="634"  hits="31"  branch="true"  condition-coverage="50% (1/2)" />
			<line number="635"  hits="31"  branch="false" />
			<line number="637"  hits="0"  branch="false" />
			<line number="640"  hits="62"  branch="false" />
			<line number="643"  hits="1"  branch="false" />
			<line number="644"  hits="96"  branch="true"  condition-coverage="100% (2/2)" />
			<line number="645"  hits="4"  branch="false" />
			<line number="648"  hits="92"  branch="false" />
			<line number="649"  hits="92"  branch="true"  condition-coverage="80% (4/5)" />
			<line number="650"  hits="92"  branch="false" />
			<line number="653"  hits="92"  branch="true"  condition-coverage="100% (2/2)" />
			<line number="654"  hits="92"  branch="false" />
			<line number="655"  hits="92"  branch="true"  condition-coverage="100% (2/2)" />
			<line number="656"  hits="92"  branch="false" />
			<line number="658"  hits="92"  branch="true"  condition-coverage="100% (6/6)" />
			<line number="659"  hits="62"  branch="true"  condition-coverage="100% (2/2)" />
			<line number="660"  hits="40"  branch="false" />
			<line number="664"  hits="52"  branch="true"  condition-coverage="100% (5/5)" />
			<line number="665"  hits="27"  branch="true"  condition-coverage="100% (2/2)" />
			<line number="666"  hits="4"  branch="false" />
			<line number="670"  hits="48"  branch="true"  condition-coverage="100% (5/5)" />
			<line number="671"  hits="45"  branch="true"  condition-coverage="100% (2/2)" />
			<line number="672"  hits="2"  branch="false" />
			<line number="676"  hits="46"  branch="false" />
			<line number="679"  hits="1"  branch="false" />
			<line number="680"  hits="12"  branch="false" />
			<line number="681"  hits="12"  branch="false" />
			<line number="682"  hits="12"  branch="true"  condition-coverage="100% (2/2)" />
			<line number="683"  hits="1"  branch="false" />
			<line number="686"  hits="11"  branch="false" />
			<line number="689"  hits="1"  branch="false" />
			<line number="690"  hits="11"  branch="true"  condition-coverage="50% (1/2)" />
			<line number="691"  hits="0"  branch="false" />
			<line number="694"  hits="11"  branch="true"  condition-coverage="80% (4/5)" />
			<line number="695"  hits="11"  branch="true"  condition-coverage="100% (2/2)" />
			<line number="696"  hits="1"  branch="false" />
			<line number="700"  hits="10"  branch="true"  condition-coverage="50% (1/2)" />
			<line number="701"  hits="10"  branch="true"  condition-coverage="100% (2/2)" />
			<line number="702"  hits="1"  branch="false" />
			<line number="706"  hits="9"  branch="false" />
			<line number="709"  hits="1"  branch="false" />
			<line number="710"  hits="9"  branch="true"  condition-coverage="100% (2/2)" />
			<line number="711"  hits="1"  branch="false" />
			<line number="714"  hits="8"  branch="true"  condition-coverage="100% (2/2)" />
			<line number="715"  hits="1"  branch="false" />
			<line number="717"  hits="7"  branch="false" />
			<line number="721"  hits="1"  branch="false" />
			<line number="722"  hits="18"  branch="true"  condition-coverage="100% (2/2)" />
			<line number="723"  hits="1"  branch="false" />
			<line number="727"  hits="17"  branch="true"  condition-coverage="50% (1/2)" />
			<line number="728"  hits="0"  branch="false" />
			<line number="731"  hits="17"  branch="false" />
			<line number="732"  hits="68"  branch="false" />
			<line number="734"  hits="17"  branch="true"  condition-coverage="100% (2/2)" />
			<line number="735"  hits="2"  branch="false" />
			<line number="737"  hits="15"  branch="false" />
			<line number="742"  hits="1"  branch="false" />
			<line number="743"  hits="8"  branch="false" />
			<line number="744"  hits="8"  branch="true"  condition-coverage="80% (4/5)" />
			<line number="745"  hits="8"  branch="false" />
			<line number="747"  hits="8"  branch="false" />
			<line number="748"  hits="8"  branch="true"  condition-coverage="80% (4/5)" />
			<line number="749"  hits="8"  branch="false" />
			<line number="752"  hits="8"  branch="true"  condition-coverage="50% (1/2)" />
			<line number="753"  hits="8"  branch="true"  condition-coverage="100% (5/5)" />
			<line number="754"  hits="1"  branch="false" />
			<line number="755"  hits="1"  branch="true"  condition-coverage="50% (1/2)" />
			<line number="756"  hits="1"  branch="false" />
			<line number="758"  hits="1"  branch="false" />
			<line number="762"  hits="7"  branch="true"  condition-coverage="50% (1/2)" />
			<line number="763"  hits="7"  branch="true"  condition-coverage="50% (1/2)" />
			<line number="764"  hits="7"  branch="true"  condition-coverage="100% (2/2)" />
			<line number="765"  hits="1"  branch="false" />
			<line number="770"  hits="6"  branch="false" />
			<line number="772"  hits="6"  branch="false" />
			<line number="773"  hits="30"  branch="false" />
			<line number="774"  hits="60"  branch="false" />
			<line number="776"  hits="30"  branch="false" />
			<line number="778"  hits="6"  branch="false" />
			<line number="779"  hits="16"  branch="true"  condition-coverage="50% (1/2)" />
			<line number="780"  hits="0"  branch="false" />
			<line number="783"  hits="16"  branch="true"  condition-coverage="100% (2/2)" />
			<line number="784"  hits="1"  branch="false" />
			<line number="787"  hits="15"  branch="false" />
			<line number="792"  hits="1"  branch="false" />
			<line number="793"  hits="0"  branch="true"  condition-coverage="0% (0/4)" />
			<line number="794"  hits="0"  branch="true"  condition-coverage="0% (0/4)" />
			<line number="795"  hits="0"  branch="false" />
			<line number="797"  hits="0"  branch="false" />
			<line number="800"  hits="0"  branch="false" />
			<line number="805"  hits="1"  branch="false" />
			<line number="806"  hits="12"  branch="true"  condition-coverage="100% (2/2)" />
			<line number="807"  hits="6"  branch="true"  condition-coverage="100% (4/4)" />
			<line number="808"  hits="4"  branch="true"  condition-coverage="100% (4/4)" />
			<line number="809"  hits="1"  branch="false" />
			<line number="811"  hits="3"  branch="false" />
			<line number="814"  hits="2"  branch="false" />
			<line number="817"  hits="6"  branch="true"  condition-coverage="100% (5/5)" />
			<line number="819"  hits="4"  branch="false" />
			<line number="821"  hits="2"  branch="false" />
			<line number="825"  hits="1"  branch="false" />
			<line number="826"  hits="4"  branch="true"  condition-coverage="75% (3/4)" />
			<line number="827"  hits="0"  branch="false" />
			<line number="830"  hits="4"  branch="false" />
			<line number="831"  hits="4"  branch="true"  condition-coverage="100% (2/2)" />
			<line number="832"  hits="1"  branch="false" />
			<line number="835"  hits="3"  branch="false" />
			<line number="836"  hits="3"  branch="true"  condition-coverage="50% (1/2)" />
			<line number="837"  hits="0"  branch="false" />
			<line number="840"  hits="3"  branch="false" />
			<line number="844"  hits="1"  branch="false" />
			<line number="846"  hits="0"  branch="false" />
			<line number="847"  hits="0"  branch="true"  condition-coverage="0% (0/2)" />
			<line number="848"  hits="0"  branch="false" />
			<line number="850"  hits="0"  branch="false" />
			<line number="851"  hits="0"  branch="true"  condition-coverage="0% (0/2)" />
			<line number="852"  hits="0"  branch="false" />
			<line number="854"  hits="0"  branch="false" />
			<line number="855"  hits="0"  branch="true"  condition-coverage="0% (0/2)" />
			<line number="856"  hits="0"  branch="false" />
			<line number="858"  hits="0"  branch="false" />
			<line number="864"  hits="1"  branch="false" />
			<line number="865"  hits="28"  branch="true"  condition-coverage="50% (1/2)" />
			<line number="866"  hits="28"  branch="true"  condition-coverage="50% (1/2)" />
			<line number="867"  hits="28"  branch="true"  condition-coverage="50% (1/2)" />
			<line number="868"  hits="28"  branch="true"  condition-coverage="100% (2/2)" />
			<line number="870"  hits="28"  branch="true"  condition-coverage="100% (2/2)" />
			<line number="871"  hits="20"  branch="false" />
			<line number="872"  hits="20"  branch="false" />
			<line number="873"  hits="20"  branch="true"  condition-coverage="50% (1/2)" />
			<line number="874"  hits="20"  branch="false" />
			<line number="876"  hits="20"  branch="false" />
			<line number="877"  hits="20"  branch="true"  condition-coverage="100% (2/2)" />
			<line number="878"  hits="4"  branch="false" />
			<line number="880"  hits="16"  branch="false" />
			<line number="883"  hits="8"  branch="false" />
			<line number="887"  hits="1"  branch="false" />
			<line number="888"  hits="66"  branch="true"  condition-coverage="50% (1/2)" />
			<line number="889"  hits="0"  branch="false" />
			<line number="892"  hits="66"  branch="false" />
			<line number="915"  hits="66"  branch="false" />
			<line number="916"  hits="330"  branch="false" />
			<line number="917"  hits="330"  branch="true"  condition-coverage="100% (2/2)" />
			<line number="918"  hits="36"  branch="false" />
			<line number="920"  hits="294"  branch="true"  condition-coverage="100% (4/4)" />
			<line number="921"  hits="2"  branch="false" />
			<line number="924"  hits="292"  branch="false" />
			<line number="926"  hits="66"  branch="true"  condition-coverage="100% (2/2)" />
			<line number="928"  hits="28"  branch="false" />
			<line number="929"  hits="28"  branch="true"  condition-coverage="100% (2/2)" />
			<line number="930"  hits="4"  branch="false" />
			<line number="933"  hits="24"  branch="true"  condition-coverage="100% (2/2)" />
			<line number="934"  hits="18"  branch="false" />
			<line number="935"  hits="6"  branch="true"  condition-coverage="40% (2/5)" />
			<line number="936"  hits="0"  branch="false" />
			<line number="938"  hits="6"  branch="false" />
			<line number="944"  hits="1"  branch="false" />
			<line number="945"  hits="0"  branch="true"  condition-coverage="0% (0/2)" />
			<line number="946"  hits="0"  branch="false" />
			<line number="949"  hits="0"  branch="false" />
			<line number="960"  hits="0"  branch="false" />
			<line number="961"  hits="0"  branch="false" />
			<line number="962"  hits="0"  branch="true"  condition-coverage="0% (0/2)" />
			<line number="963"  hits="0"  branch="false" />
			<line number="965"  hits="0"  branch="true"  condition-coverage="0% (0/4)" />
			<line number="966"  hits="0"  branch="false" />
			<line number="968"  hits="0"  branch="true"  condition-coverage="0% (0/4)" />
			<line number="969"  hits="0"  branch="false" />
			<line number="972"  hits="0"  branch="false" />
			<line number="974"  hits="0"  branch="true"  condition-coverage="0% (0/2)" />
			<line number="977"  hits="0"  branch="false" />
			<line number="978"  hits="0"  branch="true"  condition-coverage="0% (0/2)" />
			<line number="979"  hits="0"  branch="false" />
			<line number="981"  hits="0"  branch="false" />
			<line number="986"  hits="1"  branch="false" />
			<line number="987"  hits="0"  branch="true"  condition-coverage="0% (0/2)" />
			<line number="988"  hits="0"  branch="false" />
			<line number="991"  hits="0"  branch="true"  condition-coverage="0% (0/2)" />
			<line number="992"  hits="0"  branch="false" />
			<line number="995"  hits="0"  branch="false" />
			<line number="998"  hits="1"  branch="false" />
			<line number="999"  hits="12"  branch="false" />
			<line number="1000"  hits="12"  branch="false" />
			<line number="1001"  hits="12"  branch="false" />
			<line number="1003"  hits="12"  branch="true"  condition-coverage="50% (1/2)" />
			<line number="1004"  hits="0"  branch="false" />
			<line number="1007"  hits="12"  branch="true"  condition-coverage="75% (3/4)" />
			<line number="1010"  hits="4"  branch="false" />
			<line number="1011"  hits="4"  branch="false" />
			<line number="1013"  hits="4"  branch="true"  condition-coverage="50% (1/2)" />
			<line number="1014"  hits="0"  branch="false" />
			<line number="1017"  hits="4"  branch="true"  condition-coverage="50% (1/2)" />
			<line number="1018"  hits="0"  branch="false" />
			<line number="1021"  hits="4"  branch="true"  condition-coverage="50% (1/2)" />
			<line number="1022"  hits="0"  branch="false" />
			<line number="1025"  hits="4"  branch="false" />
			<line number="1026"  hits="4"  branch="true"  condition-coverage="50% (1/2)" />
			<line number="1027"  hits="0"  branch="false" />
			<line number="1029"  hits="4"  branch="false" />
			<line number="1031"  hits="4"  branch="false" />
			<line number="1033"  hits="0"  branch="false" />
			<line number="1036"  hits="4"  branch="true"  condition-coverage="100% (2/2)" />
			<line number="1037"  hits="3"  branch="false" />
			<line number="1039"  hits="1"  branch="false" />
			<line number="1041"  hits="0"  branch="false" />
			<line number="1043"  hits="4"  branch="false" />
			<line number="1044"  hits="4"  branch="true"  condition-coverage="100% (2/2)" />
			<line number="1045"  hits="4"  branch="true"  condition-coverage="100% (2/2)" />
			<line number="1046"  hits="3"  branch="false" />
			<line number="1048"  hits="4"  branch="true"  condition-coverage="100% (2/2)" />
			<line number="1049"  hits="3"  branch="false" />
			<line number="1051"  hits="4"  branch="true"  condition-coverage="100% (4/4)" />
			<line number="1052"  hits="1"  branch="false" />
			<line number="1054"  hits="4"  branch="true"  condition-coverage="100% (2/2)" />
			<line number="1055"  hits="3"  branch="false" />
			<line number="1057"  hits="1"  branch="false" />
			<line number="1059"  hits="0"  branch="false" />
			<line number="1061"  hits="4"  branch="false" />
			<line number="1063"  hits="4"  branch="true"  condition-coverage="100% (2/2)" />
			<line number="1065"  hits="4"  branch="true"  condition-coverage="50% (1/2)" />
			<line number="1066"  hits="0"  branch="false" />
			<line number="1069"  hits="4"  branch="true"  condition-coverage="50% (1/2)" />
			<line number="1070"  hits="0"  branch="false" />
			<line number="1073"  hits="4"  branch="true"  condition-coverage="50% (1/2)" />
			<line number="1074"  hits="0"  branch="false" />
			<line number="1077"  hits="4"  branch="true"  condition-coverage="50% (1/2)" />
			<line number="1078"  hits="0"  branch="false" />
			<line number="1080"  hits="4"  branch="true"  condition-coverage="50% (1/2)" />
			<line number="1081"  hits="0"  branch="false" />
			<line number="1083"  hits="4"  branch="true"  condition-coverage="50% (2/4)" />
			<line number="1084"  hits="0"  branch="false" />
			<line number="1086"  hits="4"  branch="false" />
			<line number="1089"  hits="4"  branch="false" />
			<line number="1090"  hits="4"  branch="true"  condition-coverage="50% (1/2)" />
			<line number="1091"  hits="0"  branch="false" />
			<line number="1093"  hits="4"  branch="false" />
			<line number="1096"  hits="4"  branch="false" />
			<line number="1098"  hits="0"  branch="false" />
			<line number="1101"  hits="4"  branch="true"  condition-coverage="100% (2/2)" />
			<line number="1102"  hits="3"  branch="false" />
			<line number="1104"  hits="1"  branch="false" />
			<line number="1106"  hits="0"  branch="false" />
			<line number="1108"  hits="0"  branch="false" />
			<line number="1112"  hits="1"  branch="false" />
			<line number="1113"  hits="2"  branch="false" />
			<line number="1116"  hits="1"  branch="false" />
			<line number="1117"  hits="0"  branch="false" />
			<line number="1120"  hits="0"  branch="false" />
			<line number="1122"  hits="0"  branch="false" />
			<line number="1123"  hits="0"  branch="false" />
			<line number="1124"  hits="0"  branch="false" />
			<line number="1125"  hits="0"  branch="false" />
			<line number="1126"  hits="0"  branch="false" />
			<line number="1127"  hits="0"  branch="false" />
			<line number="1128"  hits="0"  branch="false" />
			<line number="1129"  hits="0"  branch="false" />
			<line number="1130"  hits="0"  branch="true"  condition-coverage="0% (0/4)" />
			<line number="1131"  hits="0"  branch="false" />
			<line number="1132"  hits="0"  branch="false" />
			<line number="1133"  hits="0"  branch="false" />
			<line number="1136"  hits="0"  branch="false" />
			<line number="1138"  hits="0"  branch="false" />
			<line number="1146"  hits="0"  branch="true"  condition-coverage="0% (0/2)" />
			<line number="1147"  hits="0"  branch="false" />
			<line number="1149"  hits="0"  branch="false" />
			<line number="1151"  hits="0"  branch="true"  condition-coverage="0% (0/2)" />
			<line number="1153"  hits="1"  branch="false" />
			<line number="1154"  hits="0"  branch="true"  condition-coverage="0% (0/4)" />
			<line number="1158"  hits="0"  branch="true"  condition-coverage="0% (0/2)" />
			<line number="1159"  hits="0"  branch="false" />
			<line number="1161"  hits="0"  branch="false" />
			<line number="1163"  hits="0"  branch="false" />
			<line number="1166"  hits="0"  branch="true"  condition-coverage="0% (0/2)" />
			<line number="1168"  hits="0"  branch="false" />
			<line number="1172"  hits="1"  branch="false" />
			<line number="1173"  hits="0"  branch="false" />
			<line number="1174"  hits="0"  branch="true"  condition-coverage="0% (0/2)" />
			<line number="1176"  hits="0"  branch="true"  condition-coverage="0% (0/2)" />
			<line number="1177"  hits="0"  branch="false" />
			<line number="1179"  hits="0"  branch="false" />
			<line number="1184"  hits="1"  branch="false" />
			<line number="1189"  hits="0"  branch="false" />
			<line number="1190"  hits="0"  branch="true"  condition-coverage="0% (0/2)" />
			<line number="1193"  hits="0"  branch="false" />
			<line number="1195"  hits="0"  branch="false" />
			<line number="1196"  hits="0"  branch="true"  condition-coverage="0% (0/2)" />
			<line number="1198"  hits="0"  branch="false" />
			<line number="1201"  hits="0"  branch="true"  condition-coverage="0% (0/2)" />
			<line number="1202"  hits="0"  branch="false" />
			<line number="1204"  hits="0"  branch="false" />
			<line number="1208"  hits="0"  branch="true"  condition-coverage="0% (0/2)" />
			<line number="1209"  hits="0"  branch="false" />
			<line number="1212"  hits="0"  branch="true"  condition-coverage="0% (0/2)" />
			<line number="1213"  hits="0"  branch="false" />
			<line number="1215"  hits="0"  branch="false" />
			<line number="1238"  hits="1"  branch="false" />
			<line number="1239"  hits="0"  branch="false" />
			<line number="1240"  hits="0"  branch="true"  condition-coverage="0% (0/2)" />
			<line number="1242"  hits="0"  branch="false" />
			<line number="1243"  hits="0"  branch="true"  condition-coverage="0% (0/2)" />
			<line number="1244"  hits="0"  branch="false" />
			<line number="1246"  hits="0"  branch="false" />
			<line number="1249"  hits="0"  branch="false" />
			<line number="1250"  hits="0"  branch="false" />
			<line number="1251"  hits="0"  branch="false" />
			<line number="1252"  hits="0"  branch="true"  condition-coverage="0% (0/2)" />
			<line number="1253"  hits="0"  branch="false" />
			<line number="1257"  hits="0"  branch="false" />
			<line number="1262"  hits="0"  branch="false" />
			<line number="1263"  hits="0"  branch="false" />
			<line number="1264"  hits="0"  branch="false" />
			<line number="1265"  hits="0"  branch="true"  condition-coverage="0% (0/2)" />
			<line number="1266"  hits="0"  branch="false" />
			<line number="1270"  hits="0"  branch="false" />
			<line number="1275"  hits="0"  branch="true"  condition-coverage="0% (0/2)" />
			<line number="1277"  hits="0"  branch="false" />
			<line number="1285"  hits="136"  branch="false" />
			<line number="1299"  hits="1"  branch="false" />
			<line number="1300"  hits="163"  branch="false" />
			<line number="1301"  hits="163"  branch="true"  condition-coverage="100% (3/3)" />
			<line number="1304"  hits="1"  branch="false" />
			<line number="1305"  hits="54"  branch="false" />
			<line number="1306"  hits="54"  branch="true"  condition-coverage="50% (1/2)" />
			<line number="1307"  hits="54"  branch="false" />
			<line number="1308"  hits="54"  branch="true"  condition-coverage="100% (2/2)" />
			<line number="1309"  hits="54"  branch="true"  condition-coverage="50% (1/2)" />
			<line number="1310"  hits="54"  branch="false" />
			<line number="1311"  hits="54"  branch="false" />
			<line number="1313"  hits="54"  branch="true"  condition-coverage="50% (1/2)" />
			<line number="1314"  hits="54"  branch="false" />
			<line number="1315"  hits="54"  branch="false" />
			<line number="1317"  hits="54"  branch="true"  condition-coverage="100% (4/4)" />
			<line number="1318"  hits="48"  branch="false" />
			<line number="1319"  hits="48"  branch="false" />
			<line number="1322"  hits="54"  branch="false" />
			<line number="1325"  hits="1"  branch="false" />
			<line number="1327"  hits="252"  branch="false" />
			<line number="1328"  hits="252"  branch="true"  condition-coverage="100% (2/2)" />
			<line number="1330"  hits="252"  branch="true"  condition-coverage="75% (3/4)" />
			<line number="1331"  hits="0"  branch="false" />
			<line number="1334"  hits="1"  branch="false" />
			<line number="1335"  hits="23"  branch="false" />
			<line number="1336"  hits="23"  branch="false" />
			<line number="1338"  hits="23"  branch="true"  condition-coverage="75% (3/4)" />
			<line number="1339"  hits="0"  branch="false" />
			<line number="1342"  hits="23"  branch="true"  condition-coverage="100% (2/2)" />
			<line number="1343"  hits="7"  branch="false" />
			<line number="1344"  hits="16"  branch="true"  condition-coverage="100% (2/2)" />
			<line number="1345"  hits="8"  branch="false" />
			<line number="1346"  hits="8"  branch="true"  condition-coverage="50% (1/2)" />
			<line number="1347"  hits="8"  branch="false" />
			<line number="1349"  hits="0"  branch="false" />
			<line number="1353"  hits="252"  branch="false" />
			<line number="1354"  hits="252"  branch="true"  condition-coverage="100% (2/2)" />
			<line number="1355"  hits="7"  branch="false" />
			<line number="1356"  hits="245"  branch="true"  condition-coverage="100% (2/2)" />
			<line number="1357"  hits="8"  branch="false" />
			<line number="1358"  hits="237"  branch="true"  condition-coverage="100% (2/2)" />
			<line number="1359"  hits="8"  branch="false" />
			<line number="1360"  hits="229"  branch="true"  condition-coverage="100% (2/2)" />
			<line number="1361"  hits="19"  branch="false" />
			<line number="1362"  hits="19"  branch="true"  condition-coverage="50% (1/2)" />
			<line number="1363"  hits="19"  branch="true"  condition-coverage="75% (3/4)" />
			<line number="1365"  hits="5"  branch="false" />
			<line number="1366"  hits="5"  branch="false" />
			<line number="1368"  hits="0"  branch="false" />
			<line number="1370"  hits="5"  branch="false" />
			<line number="1372"  hits="9"  branch="false" />
			<line number="1373"  hits="9"  branch="false" />
			<line number="1375"  hits="5"  branch="false" />
			<line number="1376"  hits="5"  branch="false" />
			<line number="1378"  hits="0"  branch="false" />
			<line number="1380"  hits="5"  branch="false" />
			<line number="1382"  hits="0"  branch="false" />
			<line number="1383"  hits="0"  branch="false" />
			<line number="1386"  hits="210"  branch="true"  condition-coverage="100% (2/2)" />
			<line number="1387"  hits="19"  branch="false" />
			<line number="1388"  hits="19"  branch="true"  condition-coverage="50% (1/2)" />
			<line number="1389"  hits="19"  branch="true"  condition-coverage="75% (3/4)" />
			<line number="1391"  hits="5"  branch="false" />
			<line number="1392"  hits="5"  branch="false" />
			<line number="1394"  hits="0"  branch="false" />
			<line number="1396"  hits="5"  branch="false" />
			<line number="1398"  hits="9"  branch="false" />
			<line number="1399"  hits="9"  branch="false" />
			<line number="1401"  hits="5"  branch="false" />
			<line number="1402"  hits="5"  branch="false" />
			<line number="1404"  hits="0"  branch="false" />
			<line number="1406"  hits="5"  branch="false" />
			<line number="1408"  hits="0"  branch="false" />
			<line number="1409"  hits="0"  branch="false" />
			<line number="1412"  hits="191"  branch="true"  condition-coverage="100% (2/2)" />
			<line number="1413"  hits="19"  branch="false" />
			<line number="1414"  hits="19"  branch="true"  condition-coverage="50% (1/2)" />
			<line number="1415"  hits="19"  branch="true"  condition-coverage="75% (3/4)" />
			<line number="1417"  hits="5"  branch="false" />
			<line number="1418"  hits="5"  branch="false" />
			<line number="1420"  hits="0"  branch="false" />
			<line number="1422"  hits="5"  branch="false" />
			<line number="1424"  hits="9"  branch="false" />
			<line number="1425"  hits="9"  branch="false" />
			<line number="1427"  hits="5"  branch="false" />
			<line number="1428"  hits="5"  branch="false" />
			<line number="1430"  hits="0"  branch="false" />
			<line number="1432"  hits="5"  branch="false" />
			<line number="1434"  hits="0"  branch="false" />
			<line number="1435"  hits="0"  branch="false" />
			<line number="1438"  hits="172"  branch="true"  condition-coverage="100% (2/2)" />
			<line number="1439"  hits="26"  branch="true"  condition-coverage="100% (2/2)" />
			<line number="1440"  hits="6"  branch="true"  condition-coverage="100% (3/3)" />
			<line number="1442"  hits="20"  branch="false" />
			<line number="1444"  hits="146"  branch="true"  condition-coverage="100% (2/2)" />
			<line number="1445"  hits="26"  branch="true"  condition-coverage="100% (2/2)" />
			<line number="1446"  hits="6"  branch="true"  condition-coverage="100% (3/3)" />
			<line number="1448"  hits="20"  branch="false" />
			<line number="1450"  hits="120"  branch="true"  condition-coverage="100% (2/2)" />
			<line number="1451"  hits="25"  branch="false" />
			<line number="1452"  hits="95"  branch="true"  condition-coverage="100% (2/2)" />
			<line number="1453"  hits="30"  branch="false" />
			<line number="1454"  hits="65"  branch="true"  condition-coverage="100% (2/2)" />
			<line number="1455"  hits="30"  branch="false" />
			<line number="1456"  hits="35"  branch="true"  condition-coverage="50% (1/2)" />
			<line number="1457"  hits="35"  branch="false" />
			<line number="1459"  hits="0"  branch="false" />
			<line number="1462"  hits="252"  branch="false" />
			<line number="1465"  hits="1"  branch="true"  condition-coverage="75% (3/4)" />
			<line number="1466"  hits="1"  branch="false" />
		</lines>
		</class>
		<class name="logger.js"  filename="lib/common/logger.js"  line-rate="0.625"  branch-rate="0.16670000000000001" >
		<methods>
			<method name="(anonymous_1)"  hits="0"  signature="()V" >
				<lines><line number="8"  hits="0" /></lines>
			</method>
			<method name="(anonymous_2)"  hits="1"  signature="()V" >
				<lines><line number="11"  hits="1" /></lines>
			</method>
			<method name="(anonymous_3)"  hits="1"  signature="()V" >
				<lines><line number="15"  hits="1" /></lines>
			</method>
			<method name="(anonymous_4)"  hits="1"  signature="()V" >
				<lines><line number="19"  hits="1" /></lines>
			</method>
			<method name="(anonymous_5)"  hits="1"  signature="()V" >
				<lines><line number="23"  hits="1" /></lines>
			</method>
			<method name="(anonymous_6)"  hits="1"  signature="()V" >
				<lines><line number="27"  hits="1" /></lines>
			</method>
			<method name="(anonymous_7)"  hits="5"  signature="()V" >
				<lines><line number="31"  hits="5" /></lines>
			</method>
			<method name="setLogger"  hits="1"  signature="()V" >
				<lines><line number="38"  hits="1" /></lines>
			</method>
			<method name="dummyErrorListener"  hits="1"  signature="()V" >
				<lines><line number="44"  hits="1" /></lines>
			</method>
			<method name="getLogger"  hits="1"  signature="()V" >
				<lines><line number="50"  hits="1" /></lines>
			</method>
			<method name="(anonymous_11)"  hits="0"  signature="()V" >
				<lines><line number="70"  hits="0" /></lines>
			</method>
			<method name="(anonymous_12)"  hits="0"  signature="()V" >
				<lines><line number="75"  hits="0" /></lines>
			</method>
			<method name="(anonymous_13)"  hits="0"  signature="()V" >
				<lines><line number="82"  hits="0" /></lines>
			</method>
			<method name="(anonymous_14)"  hits="0"  signature="()V" >
				<lines><line number="87"  hits="0" /></lines>
			</method>
			<method name="(anonymous_15)"  hits="0"  signature="()V" >
				<lines><line number="92"  hits="0" /></lines>
			</method>
			<method name="(anonymous_16)"  hits="0"  signature="()V" >
				<lines><line number="97"  hits="0" /></lines>
			</method>
			<method name="(anonymous_17)"  hits="0"  signature="()V" >
				<lines><line number="102"  hits="0" /></lines>
			</method>
		</methods>
		<lines>
			<line number="1"  hits="1"  branch="false" />
			<line number="2"  hits="1"  branch="false" />
			<line number="3"  hits="1"  branch="false" />
			<line number="5"  hits="1"  branch="false" />
			<line number="7"  hits="1"  branch="false" />
			<line number="9"  hits="0"  branch="false" />
			<line number="12"  hits="1"  branch="false" />
			<line number="13"  hits="1"  branch="false" />
			<line number="16"  hits="1"  branch="false" />
			<line number="17"  hits="1"  branch="false" />
			<line number="20"  hits="1"  branch="false" />
			<line number="21"  hits="1"  branch="false" />
			<line number="24"  hits="1"  branch="false" />
			<line number="25"  hits="1"  branch="false" />
			<line number="28"  hits="1"  branch="false" />
			<line number="29"  hits="1"  branch="false" />
			<line number="32"  hits="5"  branch="false" />
			<line number="33"  hits="5"  branch="false" />
			<line number="38"  hits="1"  branch="false" />
			<line number="39"  hits="1"  branch="false" />
			<line number="40"  hits="1"  branch="false" />
			<line number="41"  hits="1"  branch="false" />
			<line number="44"  hits="1"  branch="false" />
			<line number="50"  hits="1"  branch="false" />
			<line number="52"  hits="1"  branch="true"  condition-coverage="50% (1/2)" />
			<line number="53"  hits="1"  branch="false" />
			<line number="56"  hits="1"  branch="false" />
			<line number="57"  hits="1"  branch="false" />
			<line number="59"  hits="1"  branch="false" />
			<line number="62"  hits="1"  branch="false" />
			<line number="71"  hits="0"  branch="false" />
			<line number="72"  hits="0"  branch="true"  condition-coverage="0% (0/2)" />
			<line number="73"  hits="0"  branch="true"  condition-coverage="0% (0/2)" />
			<line number="74"  hits="0"  branch="false" />
			<line number="75"  hits="0"  branch="false" />
			<line number="76"  hits="0"  branch="false" />
			<line number="78"  hits="0"  branch="false" />
			<line number="83"  hits="0"  branch="false" />
			<line number="84"  hits="0"  branch="false" />
			<line number="88"  hits="0"  branch="false" />
			<line number="89"  hits="0"  branch="false" />
			<line number="93"  hits="0"  branch="false" />
			<line number="94"  hits="0"  branch="false" />
			<line number="98"  hits="0"  branch="false" />
			<line number="99"  hits="0"  branch="false" />
			<line number="103"  hits="0"  branch="false" />
			<line number="104"  hits="0"  branch="false" />
			<line number="108"  hits="1"  branch="false" />
		</lines>
		</class>
		<class name="misc.js"  filename="lib/common/misc.js"  line-rate="0.6222"  branch-rate="0.5625" >
		<methods>
			<method name="generatePageAndFieldRefs"  hits="0"  signature="()V" >
				<lines><line number="5"  hits="0" /></lines>
			</method>
			<method name="mapSubmissionValsToFormsFields"  hits="1"  signature="()V" >
				<lines><line number="22"  hits="1" /></lines>
			</method>
			<method name="(anonymous_3)"  hits="1"  signature="()V" >
				<lines><line number="29"  hits="1" /></lines>
			</method>
			<method name="(anonymous_4)"  hits="2"  signature="()V" >
				<lines><line number="31"  hits="2" /></lines>
			</method>
			<method name="(anonymous_5)"  hits="3"  signature="()V" >
				<lines><line number="32"  hits="3" /></lines>
			</method>
			<method name="(anonymous_6)"  hits="0"  signature="()V" >
				<lines><line number="49"  hits="0" /></lines>
			</method>
			<method name="(anonymous_7)"  hits="1"  signature="()V" >
				<lines><line number="56"  hits="1" /></lines>
			</method>
			<method name="(anonymous_8)"  hits="1"  signature="()V" >
				<lines><line number="67"  hits="1" /></lines>
			</method>
		</methods>
		<lines>
			<line number="1"  hits="1"  branch="false" />
			<line number="2"  hits="1"  branch="false" />
			<line number="3"  hits="1"  branch="false" />
			<line number="5"  hits="1"  branch="false" />
			<line number="6"  hits="0"  branch="false" />
			<line number="7"  hits="0"  branch="false" />
			<line number="9"  hits="0"  branch="false" />
			<line number="10"  hits="0"  branch="false" />
			<line number="12"  hits="0"  branch="false" />
			<line number="13"  hits="0"  branch="false" />
			<line number="14"  hits="0"  branch="false" />
			<line number="15"  hits="0"  branch="false" />
			<line number="19"  hits="0"  branch="false" />
			<line number="22"  hits="1"  branch="false" />
			<line number="23"  hits="1"  branch="false" />
			<line number="24"  hits="1"  branch="true"  condition-coverage="50% (1/2)" />
			<line number="25"  hits="0"  branch="false" />
			<line number="26"  hits="1"  branch="true"  condition-coverage="50% (1/2)" />
			<line number="27"  hits="0"  branch="false" />
			<line number="29"  hits="1"  branch="false" />
			<line number="31"  hits="1"  branch="false" />
			<line number="32"  hits="2"  branch="false" />
			<line number="34"  hits="3"  branch="false" />
			<line number="35"  hits="3"  branch="true"  condition-coverage="100% (2/2)" />
			<line number="36"  hits="2"  branch="false" />
			<line number="38"  hits="3"  branch="false" />
			<line number="40"  hits="2"  branch="true"  condition-coverage="50% (1/2)" />
			<line number="41"  hits="2"  branch="true"  condition-coverage="50% (1/2)" />
			<line number="44"  hits="0"  branch="false" />
			<line number="46"  hits="2"  branch="true"  condition-coverage="50% (2/4)" />
			<line number="49"  hits="0"  branch="false" />
			<line number="50"  hits="0"  branch="false" />
			<line number="51"  hits="0"  branch="false" />
			<line number="52"  hits="0"  branch="false" />
			<line number="54"  hits="0"  branch="false" />
			<line number="56"  hits="1"  branch="false" />
			<line number="57"  hits="1"  branch="true"  condition-coverage="50% (1/2)" />
			<line number="58"  hits="1"  branch="false" />
			<line number="59"  hits="1"  branch="false" />
			<line number="62"  hits="1"  branch="false" />
			<line number="64"  hits="1"  branch="false" />
			<line number="68"  hits="1"  branch="false" />
			<line number="69"  hits="1"  branch="false" />
			<line number="74"  hits="1"  branch="false" />
			<line number="75"  hits="1"  branch="false" />
		</lines>
		</class>
		<class name="models.js"  filename="lib/common/models.js"  line-rate="0.17309999999999998"  branch-rate="0" >
		<methods>
			<method name="(anonymous_1)"  hits="2"  signature="()V" >
				<lines><line number="5"  hits="2" /></lines>
			</method>
			<method name="(anonymous_2)"  hits="0"  signature="()V" >
				<lines><line number="46"  hits="0" /></lines>
			</method>
			<method name="(anonymous_3)"  hits="0"  signature="()V" >
				<lines><line number="226"  hits="0" /></lines>
			</method>
			<method name="(anonymous_4)"  hits="0"  signature="()V" >
				<lines><line number="269"  hits="0" /></lines>
			</method>
			<method name="(anonymous_5)"  hits="0"  signature="()V" >
				<lines><line number="288"  hits="0" /></lines>
			</method>
		</methods>
		<lines>
			<line number="1"  hits="2"  branch="false" />
			<line number="3"  hits="2"  branch="false" />
			<line number="5"  hits="2"  branch="false" />
			<line number="6"  hits="2"  branch="false" />
			<line number="20"  hits="2"  branch="false" />
			<line number="21"  hits="2"  branch="false" />
			<line number="22"  hits="2"  branch="false" />
			<line number="24"  hits="2"  branch="false" />
			<line number="45"  hits="2"  branch="false" />
			<line number="47"  hits="0"  branch="false" />
			<line number="49"  hits="0"  branch="false" />
			<line number="55"  hits="0"  branch="false" />
			<line number="64"  hits="0"  branch="false" />
			<line number="70"  hits="0"  branch="false" />
			<line number="78"  hits="0"  branch="false" />
			<line number="86"  hits="0"  branch="false" />
			<line number="98"  hits="0"  branch="false" />
			<line number="129"  hits="0"  branch="false" />
			<line number="135"  hits="0"  branch="false" />
			<line number="140"  hits="0"  branch="false" />
			<line number="157"  hits="0"  branch="false" />
			<line number="163"  hits="0"  branch="false" />
			<line number="182"  hits="0"  branch="false" />
			<line number="188"  hits="0"  branch="false" />
			<line number="213"  hits="0"  branch="false" />
			<line number="218"  hits="0"  branch="false" />
			<line number="226"  hits="0"  branch="false" />
			<line number="227"  hits="0"  branch="true"  condition-coverage="0% (0/2)" />
			<line number="228"  hits="0"  branch="true"  condition-coverage="0% (0/2)" />
			<line number="229"  hits="0"  branch="true"  condition-coverage="0% (0/2)" />
			<line number="230"  hits="0"  branch="true"  condition-coverage="0% (0/2)" />
			<line number="231"  hits="0"  branch="false" />
			<line number="234"  hits="0"  branch="false" />
			<line number="241"  hits="0"  branch="false" />
			<line number="247"  hits="0"  branch="false" />
			<line number="269"  hits="0"  branch="false" />
			<line number="270"  hits="0"  branch="false" />
			<line number="271"  hits="0"  branch="true"  condition-coverage="0% (0/2)" />
			<line number="272"  hits="0"  branch="false" />
			<line number="273"  hits="0"  branch="false" />
			<line number="276"  hits="0"  branch="false" />
			<line number="277"  hits="0"  branch="false" />
			<line number="278"  hits="0"  branch="false" />
			<line number="279"  hits="0"  branch="false" />
			<line number="280"  hits="0"  branch="false" />
			<line number="281"  hits="0"  branch="false" />
			<line number="282"  hits="0"  branch="false" />
			<line number="283"  hits="0"  branch="false" />
			<line number="284"  hits="0"  branch="false" />
			<line number="285"  hits="0"  branch="false" />
			<line number="286"  hits="0"  branch="false" />
			<line number="289"  hits="0"  branch="false" />
		</lines>
		</class>
		<class name="themeCSSGenerator.js"  filename="lib/common/themeCSSGenerator.js"  line-rate="0.7990999999999999"  branch-rate="0.7282" >
		<methods>
			<method name="(anonymous_1)"  hits="23"  signature="()V" >
				<lines><line number="2"  hits="23" /></lines>
			</method>
			<method name="findSection"  hits="115"  signature="()V" >
				<lines><line number="2174"  hits="115" /></lines>
			</method>
			<method name="(anonymous_3)"  hits="590"  signature="()V" >
				<lines><line number="2176"  hits="590" /></lines>
			</method>
			<method name="(anonymous_4)"  hits="579"  signature="()V" >
				<lines><line number="2181"  hits="579" /></lines>
			</method>
			<method name="generateCSS"  hits="40"  signature="()V" >
				<lines><line number="2197"  hits="40" /></lines>
			</method>
			<method name="parseStyleNumber"  hits="184"  signature="()V" >
				<lines><line number="2199"  hits="184" /></lines>
			</method>
			<method name="generateSpacingCSS"  hits="46"  signature="()V" >
				<lines><line number="2212"  hits="46" /></lines>
			</method>
			<method name="generateStyleType"  hits="200"  signature="()V" >
				<lines><line number="2234"  hits="200" /></lines>
			</method>
			<method name="(anonymous_9)"  hits="22"  signature="()V" >
				<lines><line number="2236"  hits="22" /></lines>
			</method>
			<method name="(anonymous_10)"  hits="23"  signature="()V" >
				<lines><line number="2243"  hits="23" /></lines>
			</method>
			<method name="(anonymous_11)"  hits="18"  signature="()V" >
				<lines><line number="2283"  hits="18" /></lines>
			</method>
			<method name="(anonymous_12)"  hits="24"  signature="()V" >
				<lines><line number="2310"  hits="24" /></lines>
			</method>
			<method name="(anonymous_13)"  hits="22"  signature="()V" >
				<lines><line number="2313"  hits="22" /></lines>
			</method>
			<method name="generateCSSClassName"  hits="31"  signature="()V" >
				<lines><line number="2369"  hits="31" /></lines>
			</method>
			<method name="generateStaticCSS"  hits="55"  signature="()V" >
				<lines><line number="2386"  hits="55" /></lines>
			</method>
			<method name="generateClassAdditions"  hits="28"  signature="()V" >
				<lines><line number="2405"  hits="28" /></lines>
			</method>
			<method name="generateLogoCSS"  hits="3"  signature="()V" >
				<lines><line number="2423"  hits="3" /></lines>
			</method>
			<method name="generateThemeCSS"  hits="2"  signature="()V" >
				<lines><line number="2459"  hits="2" /></lines>
			</method>
			<method name="(anonymous_19)"  hits="7"  signature="()V" >
				<lines><line number="2474"  hits="7" /></lines>
			</method>
			<method name="(anonymous_20)"  hits="27"  signature="()V" >
				<lines><line number="2478"  hits="27" /></lines>
			</method>
		</methods>
		<lines>
			<line number="2"  hits="1"  branch="false" />
			<line number="3"  hits="23"  branch="false" />
			<line number="4"  hits="23"  branch="false" />
			<line number="5"  hits="23"  branch="false" />
			<line number="755"  hits="23"  branch="true"  condition-coverage="100% (2/2)" />
			<line number="757"  hits="23"  branch="false" />
			<line number="2171"  hits="23"  branch="false" />
			<line number="2172"  hits="23"  branch="false" />
			<line number="2174"  hits="1"  branch="false" />
			<line number="2175"  hits="115"  branch="false" />
			<line number="2176"  hits="115"  branch="false" />
			<line number="2177"  hits="590"  branch="false" />
			<line number="2180"  hits="115"  branch="true"  condition-coverage="50% (1/2)" />
			<line number="2181"  hits="115"  branch="false" />
			<line number="2182"  hits="579"  branch="false" />
			<line number="2185"  hits="115"  branch="true"  condition-coverage="100% (2/2)" />
			<line number="2186"  hits="114"  branch="false" />
			<line number="2188"  hits="1"  branch="false" />
			<line number="2189"  hits="1"  branch="false" />
			<line number="2192"  hits="0"  branch="false" />
			<line number="2193"  hits="0"  branch="false" />
			<line number="2197"  hits="1"  branch="false" />
			<line number="2199"  hits="1"  branch="false" />
			<line number="2200"  hits="184"  branch="true"  condition-coverage="100% (4/4)" />
			<line number="2201"  hits="180"  branch="false" />
			<line number="2202"  hits="180"  branch="true"  condition-coverage="50% (1/2)" />
			<line number="2203"  hits="180"  branch="false" />
			<line number="2205"  hits="0"  branch="false" />
			<line number="2208"  hits="4"  branch="false" />
			<line number="2212"  hits="1"  branch="false" />
			<line number="2213"  hits="46"  branch="true"  condition-coverage="50% (1/2)" />
			<line number="2215"  hits="46"  branch="false" />
			<line number="2216"  hits="46"  branch="false" />
			<line number="2217"  hits="46"  branch="false" />
			<line number="2218"  hits="46"  branch="false" />
			<line number="2219"  hits="46"  branch="false" />
			<line number="2220"  hits="46"  branch="false" />
			<line number="2221"  hits="46"  branch="false" />
			<line number="2224"  hits="46"  branch="true"  condition-coverage="100% (6/6)" />
			<line number="2225"  hits="44"  branch="false" />
			<line number="2226"  hits="44"  branch="false" />
			<line number="2227"  hits="44"  branch="false" />
			<line number="2229"  hits="2"  branch="false" />
			<line number="2230"  hits="2"  branch="false" />
			<line number="2234"  hits="1"  branch="false" />
			<line number="2235"  hits="200"  branch="false" />
			<line number="2237"  hits="22"  branch="true"  condition-coverage="50% (1/2)" />
			<line number="2238"  hits="22"  branch="false" />
			<line number="2240"  hits="0"  branch="false" />
			<line number="2244"  hits="23"  branch="false" />
			<line number="2246"  hits="23"  branch="true"  condition-coverage="50% (1/2)" />
			<line number="2247"  hits="23"  branch="false" />
			<line number="2249"  hits="0"  branch="false" />
			<line number="2252"  hits="23"  branch="true"  condition-coverage="50% (1/2)" />
			<line number="2253"  hits="23"  branch="false" />
			<line number="2255"  hits="0"  branch="false" />
			<line number="2258"  hits="23"  branch="true"  condition-coverage="50% (1/2)" />
			<line number="2259"  hits="23"  branch="false" />
			<line number="2261"  hits="0"  branch="false" />
			<line number="2264"  hits="23"  branch="true"  condition-coverage="50% (1/2)" />
			<line number="2265"  hits="23"  branch="true"  condition-coverage="100% (2/2)" />
			<line number="2266"  hits="5"  branch="false" />
			<line number="2267"  hits="5"  branch="false" />
			<line number="2268"  hits="18"  branch="true"  condition-coverage="100% (2/2)" />
			<line number="2269"  hits="14"  branch="false" />
			<line number="2270"  hits="14"  branch="false" />
			<line number="2271"  hits="4"  branch="true"  condition-coverage="50% (1/2)" />
			<line number="2272"  hits="4"  branch="false" />
			<line number="2273"  hits="4"  branch="false" />
			<line number="2275"  hits="0"  branch="false" />
			<line number="2278"  hits="0"  branch="false" />
			<line number="2281"  hits="23"  branch="false" />
			<line number="2284"  hits="18"  branch="false" />
			<line number="2286"  hits="18"  branch="true"  condition-coverage="50% (1/2)" />
			<line number="2287"  hits="18"  branch="true"  condition-coverage="100% (2/2)" />
			<line number="2288"  hits="1"  branch="false" />
			<line number="2290"  hits="17"  branch="false" />
			<line number="2293"  hits="0"  branch="false" />
[...]
			<line number="2397"  hits="0"  branch="false" />
			<line number="2399"  hits="66"  branch="false" />
			<line number="2402"  hits="55"  branch="false" />
			<line number="2405"  hits="1"  branch="false" />
			<line number="2406"  hits="28"  branch="false" />
			<line number="2408"  hits="28"  branch="true"  condition-coverage="100% (2/2)" />
			<line number="2410"  hits="28"  branch="true"  condition-coverage="50% (1/2)" />
			<line number="2411"  hits="28"  branch="false" />
			<line number="2412"  hits="25"  branch="false" />
			<line number="2413"  hits="25"  branch="false" />
			<line number="2414"  hits="25"  branch="false" />
			<line number="2416"  hits="25"  branch="false" />
			<line number="2420"  hits="28"  branch="false" />
			<line number="2423"  hits="1"  branch="false" />
			<line number="2424"  hits="3"  branch="true"  condition-coverage="100% (2/2)" />
			<line number="2425"  hits="2"  branch="true"  condition-coverage="50% (1/2)" />
			<line number="2426"  hits="2"  branch="false" />
			<line number="2427"  hits="2"  branch="false" />
			<line number="2428"  hits="2"  branch="false" />
			<line number="2429"  hits="2"  branch="false" />
			<line number="2430"  hits="2"  branch="false" />
			<line number="2431"  hits="2"  branch="false" />
			<line number="2434"  hits="2"  branch="true"  condition-coverage="80% (4/5)" />
			<line number="2435"  hits="2"  branch="false" />
			<line number="2436"  hits="2"  branch="false" />
			<line number="2437"  hits="2"  branch="false" />
			<line number="2439"  hits="2"  branch="false" />
			<line number="2441"  hits="2"  branch="false" />
			<line number="2443"  hits="2"  branch="false" />
			<line number="2445"  hits="2"  branch="false" />
			<line number="2447"  hits="2"  branch="false" />
			<line number="2449"  hits="0"  branch="false" />
			<line number="2452"  hits="0"  branch="false" />
			<line number="2455"  hits="1"  branch="false" />
			<line number="2459"  hits="1"  branch="false" />
			<line number="2461"  hits="2"  branch="true"  condition-coverage="75% (3/4)" />
			<line number="2462"  hits="0"  branch="false" />
			<line number="2465"  hits="2"  branch="false" />
			<line number="2467"  hits="2"  branch="true"  condition-coverage="50% (1/2)" />
			<line number="2468"  hits="0"  branch="false" />
			<line number="2469"  hits="0"  branch="false" />
			<line number="2470"  hits="0"  branch="false" />
			<line number="2471"  hits="0"  branch="false" />
			<line number="2474"  hits="2"  branch="false" />
			<line number="2475"  hits="7"  branch="false" />
			<line number="2477"  hits="7"  branch="true"  condition-coverage="50% (1/2)" />
			<line number="2478"  hits="7"  branch="false" />
			<line number="2479"  hits="27"  branch="false" />
			<line number="2480"  hits="27"  branch="false" />
			<line number="2482"  hits="27"  branch="false" />
			<line number="2483"  hits="27"  branch="true"  condition-coverage="50% (1/2)" />
			<line number="2484"  hits="0"  branch="false" />
			<line number="2485"  hits="0"  branch="false" />
			<line number="2486"  hits="0"  branch="false" />
			<line number="2487"  hits="0"  branch="false" />
			<line number="2488"  hits="0"  branch="false" />
			<line number="2491"  hits="27"  branch="false" />
			<line number="2492"  hits="27"  branch="true"  condition-coverage="50% (1/2)" />
			<line number="2493"  hits="0"  branch="false" />
			<line number="2494"  hits="0"  branch="false" />
			<line number="2495"  hits="0"  branch="false" />
			<line number="2496"  hits="0"  branch="false" />
			<line number="2497"  hits="0"  branch="false" />
			<line number="2500"  hits="27"  branch="false" />
			<line number="2501"  hits="27"  branch="true"  condition-coverage="50% (1/2)" />
			<line number="2502"  hits="0"  branch="false" />
			<line number="2503"  hits="0"  branch="false" />
			<line number="2504"  hits="0"  branch="false" />
			<line number="2505"  hits="0"  branch="false" />
			<line number="2506"  hits="0"  branch="false" />
			<line number="2509"  hits="27"  branch="false" />
			<line number="2511"  hits="27"  branch="false" />
			<line number="2513"  hits="27"  branch="false" />
			<line number="2515"  hits="27"  branch="false" />
			<line number="2518"  hits="2"  branch="false" />
			<line number="2520"  hits="2"  branch="false" />
			<line number="2522"  hits="2"  branch="false" />
			<line number="2528"  hits="23"  branch="false" />
			<line number="2537"  hits="23"  branch="false" />
			<line number="2545"  hits="1"  branch="false" />
		</lines>
		</class>
		<class name="validate.js"  filename="lib/common/validate.js"  line-rate="0.035699999999999996"  branch-rate="0" >
		<methods>
			<method name="(anonymous_1)"  hits="0"  signature="()V" >
				<lines><line number="1"  hits="0" /></lines>
			</method>
			<method name="(anonymous_2)"  hits="0"  signature="()V" >
				<lines><line number="4"  hits="0" /></lines>
			</method>
			<method name="(anonymous_3)"  hits="0"  signature="()V" >
				<lines><line number="25"  hits="0" /></lines>
			</method>
			<method name="(anonymous_4)"  hits="0"  signature="()V" >
				<lines><line number="42"  hits="0" /></lines>
			</method>
			<method name="(anonymous_5)"  hits="0"  signature="()V" >
				<lines><line number="44"  hits="0" /></lines>
			</method>
		</methods>
		<lines>
			<line number="1"  hits="1"  branch="false" />
			<line number="3"  hits="0"  branch="false" />
			<line number="5"  hits="0"  branch="false" />
			<line number="6"  hits="0"  branch="false" />
			<line number="8"  hits="0"  branch="true"  condition-coverage="0% (0/4)" />
			<line number="9"  hits="0"  branch="false" />
			<line number="11"  hits="0"  branch="false" />
			<line number="12"  hits="0"  branch="true"  condition-coverage="0% (0/2)" />
			<line number="13"  hits="0"  branch="false" />
			<line number="15"  hits="0"  branch="true"  condition-coverage="0% (0/4)" />
			<line number="16"  hits="0"  branch="true"  condition-coverage="0% (0/2)" />
			<line number="17"  hits="0"  branch="false" />
			<line number="20"  hits="0"  branch="true"  condition-coverage="0% (0/4)" />
			<line number="21"  hits="0"  branch="false" />
			<line number="23"  hits="0"  branch="false" />
			<line number="26"  hits="0"  branch="false" />
			<line number="27"  hits="0"  branch="false" />
			<line number="28"  hits="0"  branch="false" />
			<line number="29"  hits="0"  branch="true"  condition-coverage="0% (0/2)" />
			<line number="30"  hits="0"  branch="false" />
			<line number="32"  hits="0"  branch="true"  condition-coverage="0% (0/2)" />
			<line number="33"  hits="0"  branch="true"  condition-coverage="0% (0/2)" />
			<line number="34"  hits="0"  branch="false" />
			<line number="37"  hits="0"  branch="true"  condition-coverage="0% (0/4)" />
			<line number="38"  hits="0"  branch="false" />
			<line number="40"  hits="0"  branch="false" />
			<line number="43"  hits="0"  branch="false" />
			<line number="45"  hits="0"  branch="true"  condition-coverage="0% (0/2)" />
		</lines>
		</class>
	</classes>
	</package>
	<package name="impl"  line-rate="0.5141"  branch-rate="0.29410000000000003" >
	<classes>
		<class name="searchSubmissions.js"  filename="lib/impl/searchSubmissions.js"  line-rate="0.5141"  branch-rate="0.29410000000000003" >
		<methods>
			<method name="submissionSearch"  hits="0"  signature="()V" >
				<lines><line number="11"  hits="0" /></lines>
			</method>
			<method name="validateParams"  hits="0"  signature="()V" >
				<lines><line number="16"  hits="0" /></lines>
			</method>
			<method name="(anonymous_3)"  hits="0"  signature="()V" >
				<lines><line number="21"  hits="0" /></lines>
			</method>
			<method name="(anonymous_4)"  hits="0"  signature="()V" >
				<lines><line number="23"  hits="0" /></lines>
			</method>
			<method name="resolveAppName"  hits="0"  signature="()V" >
				<lines><line number="25"  hits="0" /></lines>
			</method>
			<method name="reformatFormIdAndName"  hits="0"  signature="()V" >
				<lines><line number="33"  hits="0" /></lines>
			</method>
			<method name="(anonymous_7)"  hits="0"  signature="()V" >
				<lines><line number="44"  hits="0" /></lines>
			</method>
			<method name="(anonymous_8)"  hits="0"  signature="()V" >
				<lines><line number="49"  hits="0" /></lines>
			</method>
			<method name="(anonymous_9)"  hits="0"  signature="()V" >
				<lines><line number="54"  hits="0" /></lines>
			</method>
			<method name="restrict"  hits="0"  signature="()V" >
				<lines><line number="58"  hits="0" /></lines>
			</method>
			<method name="(anonymous_11)"  hits="0"  signature="()V" >
				<lines><line number="63"  hits="0" /></lines>
			</method>
			<method name="(anonymous_12)"  hits="0"  signature="()V" >
				<lines><line number="69"  hits="0" /></lines>
			</method>
			<method name="escapeForRegex"  hits="7"  signature="()V" >
				<lines><line number="154"  hits="7" /></lines>
			</method>
			<method name="parseNumberValue"  hits="0"  signature="()V" >
				<lines><line number="164"  hits="0" /></lines>
			</method>
			<method name="queryBuilderDoesNotContain"  hits="1"  signature="()V" >
				<lines><line number="172"  hits="1" /></lines>
			</method>
			<method name="queryBuilderContains"  hits="1"  signature="()V" >
				<lines><line number="177"  hits="1" /></lines>
			</method>
			<method name="queryBuilderBeginsWith"  hits="0"  signature="()V" >
				<lines><line number="181"  hits="0" /></lines>
			</method>
			<method name="queryBuilderEndsWith"  hits="0"  signature="()V" >
				<lines><line number="185"  hits="0" /></lines>
			</method>
			<method name="queryBuilderIsEqualTo"  hits="0"  signature="()V" >
				<lines><line number="189"  hits="0" /></lines>
			</method>
			<method name="queryBuilderIsGreaterThan"  hits="0"  signature="()V" >
				<lines><line number="196"  hits="0" /></lines>
			</method>
			<method name="queryBuilderIsLessThan"  hits="0"  signature="()V" >
				<lines><line number="200"  hits="0" /></lines>
			</method>
			<method name="queryBuilderIsAt"  hits="0"  signature="()V" >
				<lines><line number="204"  hits="0" /></lines>
			</method>
			<method name="queryBuilderIsBefore"  hits="0"  signature="()V" >
				<lines><line number="208"  hits="0" /></lines>
			</method>
			<method name="queryBuilderIsAfter"  hits="0"  signature="()V" >
				<lines><line number="212"  hits="0" /></lines>
			</method>
			<method name="queryBuilderIs"  hits="0"  signature="()V" >
				<lines><line number="216"  hits="0" /></lines>
			</method>
			<method name="queryBuilderIsNot"  hits="0"  signature="()V" >
				<lines><line number="220"  hits="0" /></lines>
			</method>
			<method name="constructValueQuery"  hits="2"  signature="()V" >
				<lines><line number="224"  hits="2" /></lines>
			</method>
			<method name="buildQuery"  hits="1"  signature="()V" >
				<lines><line number="233"  hits="1" /></lines>
			</method>
			<method name="(anonymous_29)"  hits="1"  signature="()V" >
				<lines><line number="244"  hits="1" /></lines>
			</method>
			<method name="(anonymous_30)"  hits="1"  signature="()V" >
				<lines><line number="246"  hits="1" /></lines>
			</method>
			<method name="(anonymous_31)"  hits="1"  signature="()V" >
				<lines><line number="258"  hits="1" /></lines>
			</method>
			<method name="(anonymous_32)"  hits="1"  signature="()V" >
				<lines><line number="260"  hits="1" /></lines>
			</method>
			<method name="(anonymous_33)"  hits="1"  signature="()V" >
				<lines><line number="270"  hits="1" /></lines>
			</method>
			<method name="restrictSubmissionForSummary"  hits="0"  signature="()V" >
				<lines><line number="293"  hits="0" /></lines>
			</method>
			<method name="(anonymous_35)"  hits="0"  signature="()V" >
				<lines><line number="298"  hits="0" /></lines>
			</method>
			<method name="(anonymous_36)"  hits="0"  signature="()V" >
				<lines><line number="307"  hits="0" /></lines>
			</method>
		</methods>
		<lines>
			<line number="1"  hits="1"  branch="false" />
			<line number="2"  hits="1"  branch="false" />
			<line number="3"  hits="1"  branch="false" />
			<line number="4"  hits="1"  branch="false" />
			<line number="6"  hits="1"  branch="false" />
			<line number="7"  hits="1"  branch="false" />
			<line number="8"  hits="1"  branch="false" />
			<line number="11"  hits="1"  branch="false" />
			<line number="12"  hits="0"  branch="false" />
			<line number="13"  hits="0"  branch="false" />
			<line number="14"  hits="0"  branch="false" />
			<line number="16"  hits="1"  branch="false" />
			<line number="17"  hits="0"  branch="false" />
			<line number="21"  hits="0"  branch="false" />
			<line number="22"  hits="0"  branch="true"  condition-coverage="0% (0/2)" />
			<line number="23"  hits="0"  branch="false" />
			<line number="25"  hits="1"  branch="false" />
			<line number="26"  hits="0"  branch="false" />
			<line number="27"  hits="0"  branch="true"  condition-coverage="0% (0/5)" />
			<line number="28"  hits="0"  branch="false" />
			<line number="30"  hits="0"  branch="false" />
			<line number="33"  hits="1"  branch="false" />
			<line number="34"  hits="0"  branch="false" />
			<line number="35"  hits="0"  branch="false" />
			<line number="36"  hits="0"  branch="false" />
			<line number="39"  hits="0"  branch="false" />
			<line number="45"  hits="0"  branch="true"  condition-coverage="0% (0/2)" />
			<line number="46"  hits="0"  branch="false" />
			<line number="47"  hits="0"  branch="false" />
			<line number="50"  hits="0"  branch="false" />
			<line number="51"  hits="0"  branch="false" />
			<line number="52"  hits="0"  branch="true"  condition-coverage="0% (0/2)" />
			<line number="54"  hits="0"  branch="false" />
			<line number="55"  hits="0"  branch="true"  condition-coverage="0% (0/2)" />
			<line number="56"  hits="0"  branch="false" />
			<line number="58"  hits="1"  branch="false" />
			<line number="59"  hits="0"  branch="true"  condition-coverage="0% (0/2)" />
			<line number="60"  hits="0"  branch="false" />
			<line number="63"  hits="0"  branch="false" />
			<line number="64"  hits="0"  branch="true"  condition-coverage="0% (0/2)" />
			<line number="65"  hits="0"  branch="false" />
			<line number="66"  hits="0"  branch="false" />
			<line number="70"  hits="0"  branch="true"  condition-coverage="0% (0/2)" />
			<line number="71"  hits="0"  branch="false" />
			<line number="139"  hits="1"  branch="false" />
			<line number="154"  hits="1"  branch="false" />
			<line number="155"  hits="7"  branch="false" />
			<line number="156"  hits="147"  branch="false" />
			<line number="157"  hits="147"  branch="true"  condition-coverage="100% (4/4)" />
			<line number="158"  hits="26"  branch="false" />
			<line number="161"  hits="7"  branch="false" />
			<line number="164"  hits="1"  branch="false" />
			<line number="165"  hits="0"  branch="false" />
			<line number="166"  hits="0"  branch="true"  condition-coverage="0% (0/2)" />
			<line number="167"  hits="0"  branch="false" />
			<line number="169"  hits="0"  branch="false" />
			<line number="172"  hits="1"  branch="false" />
			<line number="173"  hits="1"  branch="false" />
			<line number="174"  hits="1"  branch="false" />
			<line number="177"  hits="1"  branch="false" />
			<line number="178"  hits="1"  branch="false" />
			<line number="181"  hits="1"  branch="false" />
			<line number="182"  hits="0"  branch="false" />
			<line number="185"  hits="1"  branch="false" />
			<line number="186"  hits="0"  branch="false" />
			<line number="189"  hits="1"  branch="false" />
			<line number="190"  hits="0"  branch="true"  condition-coverage="0% (0/5)" />
			<line number="191"  hits="0"  branch="false" />
			<line number="193"  hits="0"  branch="false" />
			<line number="196"  hits="1"  branch="false" />
			<line number="197"  hits="0"  branch="false" />
			<line number="200"  hits="1"  branch="false" />
			<line number="201"  hits="0"  branch="false" />
			<line number="204"  hits="1"  branch="false" />
			<line number="205"  hits="0"  branch="false" />
			<line number="208"  hits="1"  branch="false" />
			<line number="209"  hits="0"  branch="false" />
			<line number="212"  hits="1"  branch="false" />
			<line number="213"  hits="0"  branch="false" />
			<line number="216"  hits="1"  branch="false" />
			<line number="217"  hits="0"  branch="false" />
			<line number="220"  hits="1"  branch="false" />
			<line number="221"  hits="0"  branch="false" />
			<line number="224"  hits="1"  branch="false" />
			<line number="225"  hits="2"  branch="true"  condition-coverage="50% (1/2)" />
			<line number="226"  hits="2"  branch="false" />
			<line number="227"  hits="2"  branch="false" />
			<line number="229"  hits="0"  branch="false" />
			<line number="233"  hits="1"  branch="false" />
			<line number="234"  hits="1"  branch="false" />
			<line number="235"  hits="1"  branch="false" />
			<line number="236"  hits="1"  branch="false" />
			<line number="237"  hits="1"  branch="true"  condition-coverage="50% (1/2)" />
			<line number="238"  hits="0"  branch="false" />
			<line number="240"  hits="1"  branch="true"  condition-coverage="50% (1/2)" />
			<line number="241"  hits="1"  branch="false" />
			<line number="243"  hits="1"  branch="true"  condition-coverage="75% (3/4)" />
			<line number="244"  hits="1"  branch="false" />
			<line number="245"  hits="1"  branch="false" />
			<line number="246"  hits="1"  branch="false" />
			<line number="247"  hits="1"  branch="true"  condition-coverage="50% (1/2)" />
			<line number="249"  hits="1"  branch="false" />
			<line number="250"  hits="1"  branch="false" />
			<line number="251"  hits="1"  branch="false" />
			<line number="257"  hits="1"  branch="false" />
			<line number="258"  hits="1"  branch="false" />
			<line number="259"  hits="1"  branch="false" />
			<line number="260"  hits="1"  branch="false" />
			<line number="261"  hits="1"  branch="true"  condition-coverage="50% (1/2)" />
			<line number="263"  hits="1"  branch="false" />
			<line number="264"  hits="1"  branch="false" />
			<line number="265"  hits="1"  branch="false" />
			<line number="266"  hits="1"  branch="false" />
			<line number="271"  hits="1"  branch="true"  condition-coverage="50% (1/2)" />
			<line number="273"  hits="1"  branch="false" />
			<line number="274"  hits="1"  branch="true"  condition-coverage="75% (3/4)" />
			<line number="275"  hits="0"  branch="true"  condition-coverage="0% (0/2)" />
			<line number="276"  hits="0"  branch="false" />
			<line number="278"  hits="1"  branch="true"  condition-coverage="75% (3/4)" />
			<line number="279"  hits="1"  branch="true"  condition-coverage="50% (1/2)" />
			<line number="280"  hits="1"  branch="false" />
			<line number="283"  hits="0"  branch="false" />
			<line number="285"  hits="1"  branch="false" />
			<line number="286"  hits="1"  branch="false" />
			<line number="293"  hits="1"  branch="false" />
			<line number="294"  hits="0"  branch="false" />
			<line number="295"  hits="0"  branch="false" />
			<line number="296"  hits="0"  branch="false" />
			<line number="297"  hits="0"  branch="false" />
			<line number="298"  hits="0"  branch="false" />
			<line number="299"  hits="0"  branch="false" />
			<line number="300"  hits="0"  branch="true"  condition-coverage="0% (0/2)" />
			<line number="301"  hits="0"  branch="false" />
			<line number="302"  hits="0"  branch="true"  condition-coverage="0% (0/2)" />
			<line number="303"  hits="0"  branch="false" />
			<line number="306"  hits="0"  branch="false" />
			<line number="308"  hits="0"  branch="false" />
			<line number="310"  hits="0"  branch="true"  condition-coverage="0% (0/4)" />
			<line number="311"  hits="0"  branch="false" />
			<line number="313"  hits="0"  branch="true"  condition-coverage="0% (0/2)" />
			<line number="315"  hits="0"  branch="false" />
			<line number="319"  hits="1"  branch="false" />
		</lines>
		</class>
	</classes>
	</package>
</packages>
</coverage>
