TN:
SF:/Users/stephenlong/developmentRepo/fh-forms/lib/common/models.js
FN:5,(anonymous_1)
FN:46,(anonymous_2)
FN:226,(anonymous_3)
FN:269,(anonymous_4)
FN:288,(anonymous_5)
FNF:5
FNH:1
FNDA:2,(anonymous_1)
FNDA:0,(anonymous_2)
FNDA:0,(anonymous_3)
FNDA:0,(anonymous_4)
FNDA:0,(anonymous_5)
DA:1,2
DA:3,2
DA:5,2
DA:6,2
DA:20,2
DA:21,2
DA:22,2
DA:24,2
DA:45,2
DA:47,0
DA:49,0
DA:55,0
DA:64,0
DA:70,0
DA:78,0
DA:86,0
DA:98,0
DA:129,0
DA:135,0
DA:140,0
DA:157,0
DA:163,0
DA:182,0
DA:188,0
DA:213,0
DA:218,0
DA:226,0
DA:227,0
DA:228,0
DA:229,0
DA:230,0
DA:231,0
DA:234,0
DA:241,0
DA:247,0
DA:269,0
DA:270,0
DA:271,0
DA:272,0
DA:273,0
DA:276,0
DA:277,0
DA:278,0
DA:279,0
DA:280,0
DA:281,0
DA:282,0
DA:283,0
DA:284,0
DA:285,0
DA:286,0
DA:289,0
LF:52
LH:9
BRDA:227,1,0,0
BRDA:227,1,1,0
BRDA:228,2,0,0
BRDA:228,2,1,0
BRDA:229,3,0,0
BRDA:229,3,1,0
BRDA:230,4,0,0
BRDA:230,4,1,0
BRDA:271,5,0,0
BRDA:271,5,1,0
BRF:10
BRH:0
end_of_record
TN:
SF:/Users/stephenlong/developmentRepo/fh-forms/lib/common/forms-rule-engine.js
FN:1,(anonymous_1)
FN:69,(anonymous_2)
FN:119,(anonymous_3)
FN:123,(anonymous_4)
FN:127,buildFieldMap
FN:129,(anonymous_6)
FN:130,(anonymous_7)
FN:146,(anonymous_8)
FN:152,buildFieldRuleMaps
FN:154,(anonymous_10)
FN:155,(anonymous_11)
FN:160,(anonymous_12)
FN:168,buildPageRuleMap
FN:170,(anonymous_14)
FN:172,(anonymous_15)
FN:177,(anonymous_16)
FN:185,buildSubmissionFieldsMap
FN:190,(anonymous_18)
FN:198,init
FN:204,(anonymous_20)
FN:211,initSubmission
FN:212,(anonymous_22)
FN:220,getPreviousFieldValues
FN:222,(anonymous_24)
FN:224,(anonymous_25)
FN:236,validateForm
FN:241,(anonymous_27)
FN:244,(anonymous_28)
FN:249,(anonymous_29)
FN:256,(anonymous_30)
FN:260,(anonymous_31)
FN:269,validateSubmittedFields
FN:271,(anonymous_33)
FN:275,(anonymous_34)
FN:277,(anonymous_35)
FN:289,(anonymous_36)
FN:297,checkIfRequiredFieldsNotSubmitted
FN:298,(anonymous_38)
FN:301,(anonymous_39)
FN:315,(anonymous_40)
FN:335,validateField
FN:336,(anonymous_42)
FN:339,(anonymous_43)
FN:344,(anonymous_44)
FN:371,validateFieldValue
FN:377,(anonymous_46)
FN:412,(anonymous_47)
FN:415,(anonymous_48)
FN:429,formatResponse
FN:436,(anonymous_50)
FN:447,createValidatorResponse
FN:453,(anonymous_52)
FN:455,(anonymous_53)
FN:462,getFieldValidationStatus
FN:463,(anonymous_55)
FN:469,getMapFunction
FN:478,getValidatorFunction
FN:482,getClientValidatorFunction
FN:486,fieldEmpty
FN:490,validateFieldInternal
FN:496,(anonymous_61)
FN:502,(anonymous_62)
FN:521,checkValueSubmitted
FN:530,countSubmittedValues
FN:542,checkRepeat
FN:565,checkValues
FN:566,(anonymous_67)
FN:568,(anonymous_68)
FN:572,(anonymous_69)
FN:587,(anonymous_70)
FN:597,convertSimpleFormatToRegex
FN:625,validFormatRegex
FN:630,validFormat
FN:643,validatorString
FN:679,validatorNumericString
FN:689,validatorNumber
FN:709,validatorEmail
FN:721,validatorDropDown
FN:731,(anonymous_79)
FN:733,(anonymous_80)
FN:742,validatorCheckboxes
FN:772,(anonymous_82)
FN:777,(anonymous_83)
FN:778,(anonymous_84)
FN:792,validatorLocationMap
FN:805,validatorLocation
FN:825,validateNorthingsEastings
FN:844,validatorAnyFile
FN:846,(anonymous_89)
FN:850,(anonymous_90)
FN:854,(anonymous_91)
FN:864,checkFileSize
FN:887,validatorFile
FN:915,(anonymous_94)
FN:925,(anonymous_95)
FN:928,(anonymous_96)
FN:944,validatorFileObj
FN:960,(anonymous_98)
FN:973,(anonymous_99)
FN:977,(anonymous_100)
FN:986,validatorBase64
FN:998,validatorDateTime
FN:1112,validatorSection
FN:1116,rulesResult
FN:1120,(anonymous_105)
FN:1124,(anonymous_106)
FN:1150,(anonymous_107)
FN:1153,rulesPassed
FN:1165,(anonymous_109)
FN:1172,isPageVisible
FN:1173,(anonymous_111)
FN:1184,isFieldVisible
FN:1189,(anonymous_113)
FN:1200,testPage
FN:1207,testField
FN:1238,checkRules
FN:1239,(anonymous_117)
FN:1242,(anonymous_118)
FN:1248,(anonymous_119)
FN:1250,(anonymous_120)
FN:1251,(anonymous_121)
FN:1261,(anonymous_122)
FN:1263,(anonymous_123)
FN:1264,(anonymous_124)
FN:1274,(anonymous_125)
FN:1299,isNumberBetween
FN:1304,cvtTimeToSeconds
FN:1325,isConditionActive
FN:1334,numericalComparison
FNF:129
FNH:43
FNDA:1,(anonymous_1)
FNDA:136,(anonymous_2)
FNDA:0,(anonymous_3)
FNDA:0,(anonymous_4)
FNDA:0,buildFieldMap
FNDA:0,(anonymous_6)
FNDA:0,(anonymous_7)
FNDA:0,(anonymous_8)
FNDA:0,buildFieldRuleMaps
FNDA:0,(anonymous_10)
FNDA:0,(anonymous_11)
FNDA:0,(anonymous_12)
FNDA:0,buildPageRuleMap
FNDA:0,(anonymous_14)
FNDA:0,(anonymous_15)
FNDA:0,(anonymous_16)
FNDA:0,buildSubmissionFieldsMap
FNDA:0,(anonymous_18)
FNDA:0,init
FNDA:0,(anonymous_20)
FNDA:0,initSubmission
FNDA:0,(anonymous_22)
FNDA:0,getPreviousFieldValues
FNDA:0,(anonymous_24)
FNDA:0,(anonymous_25)
FNDA:0,validateForm
FNDA:0,(anonymous_27)
FNDA:0,(anonymous_28)
FNDA:0,(anonymous_29)
FNDA:0,(anonymous_30)
FNDA:0,(anonymous_31)
FNDA:0,validateSubmittedFields
FNDA:0,(anonymous_33)
FNDA:0,(anonymous_34)
FNDA:0,(anonymous_35)
FNDA:0,(anonymous_36)
FNDA:0,checkIfRequiredFieldsNotSubmitted
FNDA:0,(anonymous_38)
FNDA:0,(anonymous_39)
FNDA:0,(anonymous_40)
FNDA:0,validateField
FNDA:0,(anonymous_42)
FNDA:0,(anonymous_43)
FNDA:0,(anonymous_44)
FNDA:0,validateFieldValue
FNDA:0,(anonymous_46)
FNDA:0,(anonymous_47)
FNDA:0,(anonymous_48)
FNDA:0,formatResponse
FNDA:0,(anonymous_50)
FNDA:0,createValidatorResponse
FNDA:0,(anonymous_52)
FNDA:0,(anonymous_53)
FNDA:0,getFieldValidationStatus
FNDA:0,(anonymous_55)
FNDA:130,getMapFunction
FNDA:130,getValidatorFunction
FNDA:0,getClientValidatorFunction
FNDA:237,fieldEmpty
FNDA:130,validateFieldInternal
FNDA:130,(anonymous_61)
FNDA:130,(anonymous_62)
FNDA:130,checkValueSubmitted
FNDA:130,countSubmittedValues
FNDA:130,checkRepeat
FNDA:130,checkValues
FNDA:130,(anonymous_67)
FNDA:237,(anonymous_68)
FNDA:235,(anonymous_69)
FNDA:130,(anonymous_70)
FNDA:31,convertSimpleFormatToRegex
FNDA:62,validFormatRegex
FNDA:62,validFormat
FNDA:96,validatorString
FNDA:12,validatorNumericString
FNDA:11,validatorNumber
FNDA:9,validatorEmail
FNDA:18,validatorDropDown
FNDA:68,(anonymous_79)
FNDA:17,(anonymous_80)
FNDA:8,validatorCheckboxes
FNDA:30,(anonymous_82)
FNDA:6,(anonymous_83)
FNDA:16,(anonymous_84)
FNDA:0,validatorLocationMap
FNDA:12,validatorLocation
FNDA:4,validateNorthingsEastings
FNDA:0,validatorAnyFile
FNDA:0,(anonymous_89)
FNDA:0,(anonymous_90)
FNDA:0,(anonymous_91)
FNDA:28,checkFileSize
FNDA:66,validatorFile
FNDA:330,(anonymous_94)
FNDA:66,(anonymous_95)
FNDA:28,(anonymous_96)
FNDA:0,validatorFileObj
FNDA:0,(anonymous_98)
FNDA:0,(anonymous_99)
FNDA:0,(anonymous_100)
FNDA:0,validatorBase64
FNDA:12,validatorDateTime
FNDA:2,validatorSection
FNDA:0,rulesResult
FNDA:0,(anonymous_105)
FNDA:0,(anonymous_106)
FNDA:0,(anonymous_107)
FNDA:0,rulesPassed
FNDA:0,(anonymous_109)
FNDA:0,isPageVisible
FNDA:0,(anonymous_111)
FNDA:0,isFieldVisible
FNDA:0,(anonymous_113)
FNDA:0,testPage
FNDA:0,testField
FNDA:0,checkRules
FNDA:0,(anonymous_117)
FNDA:0,(anonymous_118)
FNDA:0,(anonymous_119)
FNDA:0,(anonymous_120)
FNDA:0,(anonymous_121)
FNDA:0,(anonymous_122)
FNDA:0,(anonymous_123)
FNDA:0,(anonymous_124)
FNDA:0,(anonymous_125)
FNDA:163,isNumberBetween
FNDA:54,cvtTimeToSeconds
FNDA:252,isConditionActive
FNDA:23,numericalComparison
DA:1,1
DA:3,1
DA:63,1
DA:64,1
DA:65,1
DA:66,1
DA:67,1
DA:69,1
DA:70,136
DA:72,136
DA:73,136
DA:75,136
DA:76,136
DA:77,136
DA:78,136
DA:79,136
DA:80,136
DA:81,136
DA:82,136
DA:83,136
DA:101,136
DA:119,136
DA:120,0
DA:123,136
DA:124,0
DA:127,1
DA:129,0
DA:130,0
DA:131,0
DA:133,0
DA:134,0
DA:135,0
DA:137,0
DA:138,0
DA:139,0
DA:145,0
DA:147,0
DA:152,1
DA:154,0
DA:155,0
DA:156,0
DA:157,0
DA:158,0
DA:159,0
DA:161,0
DA:162,0
DA:163,0
DA:168,1
DA:170,0
DA:171,0
DA:172,0
DA:173,0
DA:174,0
DA:175,0
DA:176,0
DA:178,0
DA:179,0
DA:180,0
DA:185,1
DA:186,0
DA:187,0
DA:190,0
DA:191,0
DA:193,0
DA:194,0
DA:198,1
DA:199,0
DA:200,0
DA:205,0
DA:206,0
DA:207,0
DA:211,1
DA:212,0
DA:213,0
DA:215,0
DA:216,0
DA:220,1
DA:221,0
DA:222,0
DA:223,0
DA:225,0
DA:226,0
DA:227,0
DA:229,0
DA:232,0
DA:236,1
DA:237,0
DA:238,0
DA:239,0
DA:241,0
DA:242,0
DA:244,0
DA:245,0
DA:247,0
DA:250,0
DA:257,0
DA:261,0
DA:263,0
DA:269,1
DA:271,0
DA:272,0
DA:273,0
DA:275,0
DA:276,0
DA:277,0
DA:278,0
DA:280,0
DA:281,0
DA:282,0
DA:285,0
DA:290,0
DA:291,0
DA:293,0
DA:297,1
DA:298,0
DA:299,0
DA:300,0
DA:301,0
DA:302,0
DA:303,0
DA:304,0
DA:305,0
DA:306,0
DA:307,0
DA:308,0
DA:310,0
DA:313,0
DA:316,0
DA:317,0
DA:335,1
DA:336,0
DA:337,0
DA:339,0
DA:340,0
DA:342,0
DA:343,0
DA:344,0
DA:345,0
DA:346,0
DA:349,0
DA:350,0
DA:371,1
DA:372,0
DA:373,0
DA:374,0
DA:377,0
DA:378,0
DA:379,0
DA:381,0
DA:382,0
DA:386,0
DA:388,0
DA:391,0
DA:393,0
DA:394,0
DA:397,0
DA:400,0
DA:403,0
DA:404,0
DA:405,0
DA:407,0
DA:412,0
DA:413,0
DA:415,0
DA:416,0
DA:417,0
DA:418,0
DA:419,0
DA:421,0
DA:424,0
DA:429,1
DA:430,0
DA:433,0
DA:434,0
DA:436,0
DA:437,0
DA:438,0
DA:441,0
DA:442,0
DA:447,1
DA:449,0
DA:450,0
DA:451,0
DA:452,0
DA:453,0
DA:454,0
DA:456,0
DA:458,0
DA:462,1
DA:463,0
DA:464,0
DA:465,0
DA:469,1
DA:470,130
DA:471,130
DA:472,0
DA:475,130
DA:478,1
DA:479,130
DA:482,1
DA:483,0
DA:486,1
DA:487,237
DA:490,1
DA:491,130
DA:492,130
DA:493,130
DA:496,130
DA:497,130
DA:498,130
DA:503,130
DA:505,130
DA:506,130
DA:507,0
DA:509,130
DA:510,5
DA:512,130
DA:519,130
DA:521,1
DA:522,130
DA:523,0
DA:524,0
DA:525,0
DA:527,0
DA:530,1
DA:531,130
DA:532,130
DA:533,129
DA:534,237
DA:535,235
DA:539,130
DA:542,1
DA:544,130
DA:545,128
DA:546,128
DA:547,3
DA:551,125
DA:552,125
DA:553,1
DA:557,2
DA:558,1
DA:562,125
DA:565,1
DA:566,130
DA:567,130
DA:568,130
DA:569,237
DA:570,2
DA:572,235
DA:573,235
DA:574,235
DA:575,120
DA:577,115
DA:580,235
DA:581,0
DA:584,235
DA:588,130
DA:590,130
DA:597,1
DA:598,31
DA:599,31
DA:600,31
DA:602,31
DA:603,31
DA:604,31
DA:605,31
DA:606,31
DA:607,310
DA:608,310
DA:610,62
DA:611,62
DA:613,217
DA:614,217
DA:616,31
DA:617,31
DA:618,31
DA:620,310
DA:622,31
DA:625,1
DA:626,62
DA:627,62
DA:630,1
DA:631,62
DA:632,62
DA:633,31
DA:634,31
DA:635,31
DA:637,0
DA:640,62
DA:643,1
DA:644,96
DA:645,4
DA:648,92
DA:649,92
DA:650,92
DA:653,92
DA:654,92
DA:655,92
DA:656,92
DA:658,92
DA:659,62
DA:660,40
DA:664,52
DA:665,27
DA:666,4
DA:670,48
DA:671,45
DA:672,2
DA:676,46
DA:679,1
DA:680,12
DA:681,12
DA:682,12
DA:683,1
DA:686,11
DA:689,1
DA:690,11
DA:691,0
DA:694,11
DA:695,11
DA:696,1
DA:700,10
DA:701,10
DA:702,1
DA:706,9
DA:709,1
DA:710,9
DA:711,1
DA:714,8
DA:715,1
DA:717,7
DA:721,1
DA:722,18
DA:723,1
DA:727,17
DA:728,0
DA:731,17
DA:732,68
DA:734,17
DA:735,2
DA:737,15
DA:742,1
DA:743,8
DA:744,8
DA:745,8
DA:747,8
DA:748,8
DA:749,8
DA:752,8
DA:753,8
DA:754,1
DA:755,1
DA:756,1
DA:758,1
DA:762,7
DA:763,7
DA:764,7
DA:765,1
DA:770,6
DA:772,6
DA:773,30
DA:774,60
DA:776,30
DA:778,6
DA:779,16
DA:780,0
DA:783,16
DA:784,1
DA:787,15
DA:792,1
DA:793,0
DA:794,0
DA:795,0
DA:797,0
DA:800,0
DA:805,1
DA:806,12
DA:807,6
DA:808,4
DA:809,1
DA:811,3
DA:814,2
DA:817,6
DA:819,4
DA:821,2
DA:825,1
DA:826,4
DA:827,0
DA:830,4
DA:831,4
DA:832,1
DA:835,3
DA:836,3
DA:837,0
DA:840,3
DA:844,1
DA:846,0
DA:847,0
DA:848,0
DA:850,0
DA:851,0
DA:852,0
DA:854,0
DA:855,0
DA:856,0
DA:858,0
DA:864,1
DA:865,28
DA:866,28
DA:867,28
DA:868,28
DA:870,28
DA:871,20
DA:872,20
DA:873,20
DA:874,20
DA:876,20
DA:877,20
DA:878,4
DA:880,16
DA:883,8
DA:887,1
DA:888,66
DA:889,0
DA:892,66
DA:915,66
DA:916,330
DA:917,330
DA:918,36
DA:920,294
DA:921,2
DA:924,292
DA:926,66
DA:928,28
DA:929,28
DA:930,4
DA:933,24
DA:934,18
DA:935,6
DA:936,0
DA:938,6
DA:944,1
DA:945,0
DA:946,0
DA:949,0
DA:960,0
DA:961,0
DA:962,0
DA:963,0
DA:965,0
DA:966,0
DA:968,0
DA:969,0
DA:972,0
DA:974,0
DA:977,0
DA:978,0
DA:979,0
DA:981,0
DA:986,1
DA:987,0
DA:988,0
DA:991,0
DA:992,0
DA:995,0
DA:998,1
DA:999,12
DA:1000,12
DA:1001,12
DA:1003,12
DA:1004,0
DA:1007,12
DA:1010,4
DA:1011,4
DA:1013,4
DA:1014,0
DA:1017,4
DA:1018,0
DA:1021,4
DA:1022,0
DA:1025,4
DA:1026,4
DA:1027,0
DA:1029,4
DA:1031,4
DA:1033,0
DA:1036,4
DA:1037,3
DA:1039,1
DA:1041,0
DA:1043,4
DA:1044,4
DA:1045,4
DA:1046,3
DA:1048,4
DA:1049,3
DA:1051,4
DA:1052,1
DA:1054,4
DA:1055,3
DA:1057,1
DA:1059,0
DA:1061,4
DA:1063,4
DA:1065,4
DA:1066,0
DA:1069,4
DA:1070,0
DA:1073,4
DA:1074,0
DA:1077,4
DA:1078,0
DA:1080,4
DA:1081,0
DA:1083,4
DA:1084,0
DA:1086,4
DA:1089,4
DA:1090,4
DA:1091,0
DA:1093,4
DA:1096,4
DA:1098,0
DA:1101,4
DA:1102,3
DA:1104,1
DA:1106,0
DA:1108,0
DA:1112,1
DA:1113,2
DA:1116,1
DA:1117,0
DA:1120,0
DA:1122,0
DA:1123,0
DA:1124,0
DA:1125,0
DA:1126,0
DA:1127,0
DA:1128,0
DA:1129,0
DA:1130,0
DA:1131,0
DA:1132,0
DA:1133,0
DA:1136,0
DA:1138,0
DA:1146,0
DA:1147,0
DA:1149,0
DA:1151,0
DA:1153,1
DA:1154,0
DA:1158,0
DA:1159,0
DA:1161,0
DA:1163,0
DA:1166,0
DA:1168,0
DA:1172,1
DA:1173,0
DA:1174,0
DA:1176,0
DA:1177,0
DA:1179,0
DA:1184,1
DA:1189,0
DA:1190,0
DA:1193,0
DA:1195,0
DA:1196,0
DA:1198,0
DA:1201,0
DA:1202,0
DA:1204,0
DA:1208,0
DA:1209,0
DA:1212,0
DA:1213,0
DA:1215,0
DA:1238,1
DA:1239,0
DA:1240,0
DA:1242,0
DA:1243,0
DA:1244,0
DA:1246,0
DA:1249,0
DA:1250,0
DA:1251,0
DA:1252,0
DA:1253,0
DA:1257,0
DA:1262,0
DA:1263,0
DA:1264,0
DA:1265,0
DA:1266,0
DA:1270,0
DA:1275,0
DA:1277,0
DA:1285,136
DA:1299,1
DA:1300,163
DA:1301,163
DA:1304,1
DA:1305,54
DA:1306,54
DA:1307,54
DA:1308,54
DA:1309,54
DA:1310,54
DA:1311,54
DA:1313,54
DA:1314,54
DA:1315,54
DA:1317,54
DA:1318,48
DA:1319,48
DA:1322,54
DA:1325,1
DA:1327,252
DA:1328,252
DA:1330,252
DA:1331,0
DA:1334,1
DA:1335,23
DA:1336,23
DA:1338,23
DA:1339,0
DA:1342,23
DA:1343,7
DA:1344,16
DA:1345,8
DA:1346,8
DA:1347,8
DA:1349,0
DA:1353,252
DA:1354,252
DA:1355,7
DA:1356,245
DA:1357,8
DA:1358,237
DA:1359,8
DA:1360,229
DA:1361,19
DA:1362,19
DA:1363,19
DA:1365,5
DA:1366,5
DA:1368,0
DA:1370,5
DA:1372,9
DA:1373,9
DA:1375,5
DA:1376,5
DA:1378,0
DA:1380,5
DA:1382,0
DA:1383,0
DA:1386,210
DA:1387,19
DA:1388,19
DA:1389,19
DA:1391,5
DA:1392,5
DA:1394,0
DA:1396,5
DA:1398,9
DA:1399,9
DA:1401,5
DA:1402,5
DA:1404,0
DA:1406,5
DA:1408,0
DA:1409,0
DA:1412,191
DA:1413,19
DA:1414,19
DA:1415,19
DA:1417,5
DA:1418,5
DA:1420,0
DA:1422,5
DA:1424,9
DA:1425,9
DA:1427,5
DA:1428,5
DA:1430,0
DA:1432,5
DA:1434,0
DA:1435,0
DA:1438,172
DA:1439,26
DA:1440,6
DA:1442,20
DA:1444,146
DA:1445,26
DA:1446,6
DA:1448,20
DA:1450,120
DA:1451,25
DA:1452,95
DA:1453,30
DA:1454,65
DA:1455,30
DA:1456,35
DA:1457,35
DA:1459,0
DA:1462,252
DA:1465,1
DA:1466,1
LF:712
LH:405
BRDA:133,1,0,0
BRDA:133,1,1,0
BRDA:134,2,0,0
BRDA:134,2,1,0
BRDA:135,3,0,0
BRDA:135,3,1,0
BRDA:138,4,0,0
BRDA:138,4,1,0
BRDA:157,5,0,0
BRDA:157,5,1,0
BRDA:161,6,0,0
BRDA:161,6,1,0
BRDA:174,7,0,0
BRDA:174,7,1,0
BRDA:178,8,0,0
BRDA:178,8,1,0
BRDA:191,9,0,0
BRDA:191,9,1,0
BRDA:199,10,0,0
BRDA:199,10,1,0
BRDA:205,11,0,0
BRDA:205,11,1,0
BRDA:213,12,0,0
BRDA:213,12,1,0
BRDA:221,13,0,0
BRDA:221,13,1,0
BRDA:221,14,0,0
BRDA:221,14,1,0
BRDA:226,15,0,0
BRDA:226,15,1,0
BRDA:226,16,0,0
BRDA:226,16,1,0
BRDA:226,16,2,0
BRDA:237,17,0,0
BRDA:237,17,1,0
BRDA:242,18,0,0
BRDA:242,18,1,0
BRDA:245,19,0,0
BRDA:245,19,1,0
BRDA:261,20,0,0
BRDA:261,20,1,0
BRDA:276,21,0,0
BRDA:276,21,1,0
BRDA:278,22,0,0
BRDA:278,22,1,0
BRDA:280,23,0,0
BRDA:280,23,1,0
BRDA:290,24,0,0
BRDA:290,24,1,0
BRDA:300,25,0,0
BRDA:300,25,1,0
BRDA:302,26,0,0
BRDA:302,26,1,0
BRDA:303,27,0,0
BRDA:303,27,1,0
BRDA:316,28,0,0
BRDA:316,28,1,0
BRDA:337,29,0,0
BRDA:337,29,1,0
BRDA:340,30,0,0
BRDA:340,30,1,0
BRDA:345,31,0,0
BRDA:345,31,1,0
BRDA:372,32,0,0
BRDA:372,32,1,0
BRDA:378,33,0,0
BRDA:378,33,1,0
BRDA:382,34,0,0
BRDA:382,34,1,0
BRDA:382,35,0,0
BRDA:382,35,1,0
BRDA:382,35,2,0
BRDA:382,35,3,0
BRDA:391,36,0,0
BRDA:391,36,1,0
BRDA:391,37,0,0
BRDA:391,37,1,0
BRDA:393,38,0,0
BRDA:393,38,1,0
BRDA:393,39,0,0
BRDA:393,39,1,0
BRDA:403,40,0,0
BRDA:403,40,1,0
BRDA:404,41,0,0
BRDA:404,41,1,0
BRDA:413,42,0,0
BRDA:413,42,1,0
BRDA:417,43,0,0
BRDA:417,43,1,0
BRDA:418,44,0,0
BRDA:418,44,1,0
BRDA:433,45,0,0
BRDA:433,45,1,0
BRDA:437,46,0,0
BRDA:437,46,1,0
BRDA:451,47,0,0
BRDA:451,47,1,0
BRDA:452,48,0,0
BRDA:452,48,1,0
BRDA:456,49,0,0
BRDA:456,49,1,0
BRDA:464,50,0,0
BRDA:464,50,1,0
BRDA:471,51,0,0
BRDA:471,51,1,130
BRDA:487,52,0,237
BRDA:487,52,1,237
BRDA:487,52,2,237
BRDA:491,53,0,130
BRDA:491,53,1,0
BRDA:497,54,0,0
BRDA:497,54,1,130
BRDA:503,55,0,0
BRDA:503,55,1,130
BRDA:506,56,0,0
BRDA:506,56,1,130
BRDA:509,57,0,5
BRDA:509,57,1,125
BRDA:522,58,0,130
BRDA:522,58,1,0
BRDA:523,59,0,0
BRDA:523,59,1,0
BRDA:523,59,2,0
BRDA:524,60,0,0
BRDA:524,60,1,0
BRDA:532,61,0,129
BRDA:532,61,1,1
BRDA:532,62,0,130
BRDA:532,62,1,130
BRDA:532,62,2,130
BRDA:534,63,0,235
BRDA:534,63,1,2
BRDA:544,64,0,128
BRDA:544,64,1,2
BRDA:544,65,0,130
BRDA:544,65,1,128
BRDA:544,65,2,128
BRDA:545,66,0,128
BRDA:545,66,1,0
BRDA:546,67,0,3
BRDA:546,67,1,125
BRDA:551,68,0,125
BRDA:551,68,1,0
BRDA:552,69,0,1
BRDA:552,69,1,124
BRDA:557,70,0,1
BRDA:557,70,1,1
BRDA:567,71,0,0
BRDA:567,71,1,130
BRDA:569,72,0,2
BRDA:569,72,1,235
BRDA:574,73,0,120
BRDA:574,73,1,115
BRDA:575,74,0,120
BRDA:575,74,1,0
BRDA:580,75,0,0
BRDA:580,75,1,235
BRDA:588,76,0,0
BRDA:588,76,1,130
BRDA:608,77,0,62
BRDA:608,77,1,217
BRDA:608,77,2,31
BRDA:632,78,0,31
BRDA:632,78,1,31
BRDA:634,79,0,31
BRDA:634,79,1,0
BRDA:644,80,0,4
BRDA:644,80,1,92
BRDA:649,81,0,92
BRDA:649,81,1,0
BRDA:649,82,0,92
BRDA:649,82,1,92
BRDA:649,82,2,92
BRDA:653,83,0,92
BRDA:653,83,1,30
BRDA:655,84,0,92
BRDA:655,84,1,30
BRDA:658,85,0,62
BRDA:658,85,1,30
BRDA:658,86,0,92
BRDA:658,86,1,62
BRDA:658,86,2,62
BRDA:658,86,3,62
BRDA:659,87,0,40
BRDA:659,87,1,22
BRDA:664,88,0,27
BRDA:664,88,1,25
BRDA:664,89,0,52
BRDA:664,89,1,52
BRDA:664,89,2,52
BRDA:665,90,0,4
BRDA:665,90,1,23
BRDA:670,91,0,45
BRDA:670,91,1,3
BRDA:670,92,0,48
BRDA:670,92,1,48
BRDA:670,92,2,48
BRDA:671,93,0,2
BRDA:671,93,1,43
BRDA:682,94,0,1
BRDA:682,94,1,11
BRDA:690,95,0,0
BRDA:690,95,1,11
BRDA:694,96,0,11
BRDA:694,96,1,0
BRDA:694,97,0,11
BRDA:694,97,1,11
BRDA:694,97,2,11
BRDA:695,98,0,1
BRDA:695,98,1,10
BRDA:700,99,0,10
BRDA:700,99,1,0
BRDA:701,100,0,1
BRDA:701,100,1,9
BRDA:710,101,0,1
BRDA:710,101,1,8
BRDA:714,102,0,1
BRDA:714,102,1,7
BRDA:722,103,0,1
BRDA:722,103,1,17
BRDA:727,104,0,0
BRDA:727,104,1,17
BRDA:734,105,0,2
BRDA:734,105,1,15
BRDA:744,106,0,8
BRDA:744,106,1,0
BRDA:744,107,0,8
BRDA:744,107,1,8
BRDA:744,107,2,8
BRDA:748,108,0,8
BRDA:748,108,1,0
BRDA:748,109,0,8
BRDA:748,109,1,8
BRDA:748,109,2,8
BRDA:752,110,0,8
BRDA:752,110,1,0
BRDA:753,111,0,1
BRDA:753,111,1,7
BRDA:753,112,0,8
BRDA:753,112,1,8
BRDA:753,112,2,8
BRDA:755,113,0,1
BRDA:755,113,1,0
BRDA:762,114,0,7
BRDA:762,114,1,0
BRDA:763,115,0,7
BRDA:763,115,1,0
BRDA:764,116,0,1
BRDA:764,116,1,6
BRDA:779,117,0,0
BRDA:779,117,1,16
BRDA:783,118,0,1
BRDA:783,118,1,15
BRDA:793,119,0,0
BRDA:793,119,1,0
BRDA:793,120,0,0
BRDA:793,120,1,0
BRDA:794,121,0,0
BRDA:794,121,1,0
BRDA:794,122,0,0
BRDA:794,122,1,0
BRDA:806,123,0,6
BRDA:806,123,1,6
BRDA:807,124,0,4
BRDA:807,124,1,2
BRDA:807,125,0,6
BRDA:807,125,1,4
BRDA:808,126,0,1
BRDA:808,126,1,3
BRDA:808,127,0,4
BRDA:808,127,1,3
BRDA:817,128,0,4
BRDA:817,128,1,2
BRDA:817,129,0,6
BRDA:817,129,1,4
BRDA:817,129,2,4
BRDA:826,130,0,0
BRDA:826,130,1,4
BRDA:826,131,0,4
BRDA:826,131,1,4
BRDA:831,132,0,1
BRDA:831,132,1,3
BRDA:836,133,0,0
BRDA:836,133,1,3
BRDA:847,134,0,0
BRDA:847,134,1,0
BRDA:851,135,0,0
BRDA:851,135,1,0
BRDA:855,136,0,0
BRDA:855,136,1,0
BRDA:865,137,0,28
BRDA:865,137,1,0
BRDA:866,138,0,28
BRDA:866,138,1,0
BRDA:867,139,0,28
BRDA:867,139,1,0
BRDA:868,140,0,28
BRDA:868,140,1,8
BRDA:870,141,0,20
BRDA:870,141,1,8
BRDA:873,142,0,20
BRDA:873,142,1,0
BRDA:877,143,0,4
BRDA:877,143,1,16
BRDA:888,144,0,0
BRDA:888,144,1,66
BRDA:917,145,0,36
BRDA:917,145,1,294
BRDA:920,146,0,2
BRDA:920,146,1,292
BRDA:920,147,0,294
BRDA:920,147,1,60
BRDA:926,148,0,38
BRDA:926,148,1,28
BRDA:929,149,0,4
BRDA:929,149,1,24
BRDA:933,150,0,18
BRDA:933,150,1,6
BRDA:935,151,0,0
BRDA:935,151,1,6
BRDA:935,152,0,6
BRDA:935,152,1,0
BRDA:935,152,2,0
BRDA:945,153,0,0
BRDA:945,153,1,0
BRDA:962,154,0,0
BRDA:962,154,1,0
BRDA:965,155,0,0
BRDA:965,155,1,0
BRDA:965,156,0,0
BRDA:965,156,1,0
BRDA:968,157,0,0
BRDA:968,157,1,0
BRDA:968,158,0,0
BRDA:968,158,1,0
BRDA:974,159,0,0
BRDA:974,159,1,0
BRDA:978,160,0,0
BRDA:978,160,1,0
BRDA:987,161,0,0
BRDA:987,161,1,0
BRDA:991,162,0,0
BRDA:991,162,1,0
BRDA:1003,163,0,0
BRDA:1003,163,1,12
BRDA:1007,164,0,4
BRDA:1007,164,1,4
BRDA:1007,164,2,4
BRDA:1007,164,3,0
BRDA:1013,165,0,0
BRDA:1013,165,1,4
BRDA:1017,166,0,0
BRDA:1017,166,1,4
BRDA:1021,167,0,0
BRDA:1021,167,1,4
BRDA:1026,168,0,0
BRDA:1026,168,1,4
BRDA:1036,169,0,3
BRDA:1036,169,1,1
BRDA:1044,170,0,4
BRDA:1044,170,1,2
BRDA:1045,171,0,3
BRDA:1045,171,1,1
BRDA:1048,172,0,3
BRDA:1048,172,1,1
BRDA:1051,173,0,1
BRDA:1051,173,1,3
BRDA:1051,174,0,4
BRDA:1051,174,1,3
BRDA:1054,175,0,3
BRDA:1054,175,1,1
BRDA:1063,176,0,4
BRDA:1063,176,1,4
BRDA:1065,177,0,0
BRDA:1065,177,1,4
BRDA:1069,178,0,0
BRDA:1069,178,1,4
BRDA:1073,179,0,0
BRDA:1073,179,1,4
BRDA:1077,180,0,0
BRDA:1077,180,1,4
BRDA:1080,181,0,0
BRDA:1080,181,1,4
BRDA:1083,182,0,0
BRDA:1083,182,1,4
BRDA:1083,183,0,4
BRDA:1083,183,1,0
BRDA:1090,184,0,0
BRDA:1090,184,1,4
BRDA:1101,185,0,3
BRDA:1101,185,1,1
BRDA:1130,186,0,0
BRDA:1130,186,1,0
BRDA:1130,187,0,0
BRDA:1130,187,1,0
BRDA:1146,188,0,0
BRDA:1146,188,1,0
BRDA:1151,189,0,0
BRDA:1151,189,1,0
BRDA:1154,190,0,0
BRDA:1154,190,1,0
BRDA:1154,190,2,0
BRDA:1154,190,3,0
BRDA:1158,191,0,0
BRDA:1158,191,1,0
BRDA:1166,192,0,0
BRDA:1166,192,1,0
BRDA:1174,193,0,0
BRDA:1174,193,1,0
BRDA:1176,194,0,0
BRDA:1176,194,1,0
BRDA:1190,195,0,0
BRDA:1190,195,1,0
BRDA:1196,196,0,0
BRDA:1196,196,1,0
BRDA:1201,197,0,0
BRDA:1201,197,1,0
BRDA:1208,198,0,0
BRDA:1208,198,1,0
BRDA:1212,199,0,0
BRDA:1212,199,1,0
BRDA:1240,200,0,0
BRDA:1240,200,1,0
BRDA:1243,201,0,0
BRDA:1243,201,1,0
BRDA:1252,202,0,0
BRDA:1252,202,1,0
BRDA:1255,203,0,0
BRDA:1255,203,1,0
BRDA:1265,204,0,0
BRDA:1265,204,1,0
BRDA:1268,205,0,0
BRDA:1268,205,1,0
BRDA:1275,206,0,0
BRDA:1275,206,1,0
BRDA:1301,207,0,163
BRDA:1301,207,1,163
BRDA:1301,207,2,163
BRDA:1306,208,0,54
BRDA:1306,208,1,0
BRDA:1308,209,0,54
BRDA:1308,209,1,48
BRDA:1309,210,0,54
BRDA:1309,210,1,0
BRDA:1313,211,0,54
BRDA:1313,211,1,0
BRDA:1317,212,0,48
BRDA:1317,212,1,6
BRDA:1317,213,0,54
BRDA:1317,213,1,54
BRDA:1328,214,0,57
BRDA:1328,214,1,195
BRDA:1330,215,0,0
BRDA:1330,215,1,252
BRDA:1330,216,0,252
BRDA:1330,216,1,252
BRDA:1338,217,0,0
BRDA:1338,217,1,23
BRDA:1338,218,0,23
BRDA:1338,218,1,23
BRDA:1342,219,0,7
BRDA:1342,219,1,16
BRDA:1344,220,0,8
BRDA:1344,220,1,8
BRDA:1346,221,0,8
BRDA:1346,221,1,0
BRDA:1354,222,0,7
BRDA:1354,222,1,245
BRDA:1356,223,0,8
BRDA:1356,223,1,237
BRDA:1358,224,0,8
BRDA:1358,224,1,229
BRDA:1360,225,0,19
BRDA:1360,225,1,210
BRDA:1362,226,0,19
BRDA:1362,226,1,0
BRDA:1363,227,0,5
BRDA:1363,227,1,9
BRDA:1363,227,2,5
BRDA:1363,227,3,0
BRDA:1386,228,0,19
BRDA:1386,228,1,191
BRDA:1388,229,0,19
BRDA:1388,229,1,0
BRDA:1389,230,0,5
BRDA:1389,230,1,9
BRDA:1389,230,2,5
BRDA:1389,230,3,0
BRDA:1412,231,0,19
BRDA:1412,231,1,172
BRDA:1414,232,0,19
BRDA:1414,232,1,0
BRDA:1415,233,0,5
BRDA:1415,233,1,9
BRDA:1415,233,2,5
BRDA:1415,233,3,0
BRDA:1438,234,0,26
BRDA:1438,234,1,146
BRDA:1439,235,0,6
BRDA:1439,235,1,20
BRDA:1440,236,0,6
BRDA:1440,236,1,6
BRDA:1440,236,2,6
BRDA:1444,237,0,26
BRDA:1444,237,1,120
BRDA:1445,238,0,6
BRDA:1445,238,1,20
BRDA:1446,239,0,6
BRDA:1446,239,1,6
BRDA:1446,239,2,6
BRDA:1450,240,0,25
BRDA:1450,240,1,95
BRDA:1452,241,0,30
BRDA:1452,241,1,65
BRDA:1454,242,0,30
BRDA:1454,242,1,35
BRDA:1456,243,0,35
BRDA:1456,243,1,0
BRDA:1465,244,0,1
BRDA:1465,244,1,0
BRDA:1465,245,0,1
BRDA:1465,245,1,1
BRF:522
BRH:273
end_of_record
TN:
SF:/Users/stephenlong/developmentRepo/fh-forms/lib/common/logger.js
FN:8,(anonymous_1)
FN:11,(anonymous_2)
FN:15,(anonymous_3)
FN:19,(anonymous_4)
FN:23,(anonymous_5)
FN:27,(anonymous_6)
FN:31,(anonymous_7)
FN:38,setLogger
FN:44,dummyErrorListener
FN:50,getLogger
FN:70,(anonymous_11)
FN:75,(anonymous_12)
FN:82,(anonymous_13)
FN:87,(anonymous_14)
FN:92,(anonymous_15)
FN:97,(anonymous_16)
FN:102,(anonymous_17)
FNF:17
FNH:9
FNDA:0,(anonymous_1)
FNDA:1,(anonymous_2)
FNDA:1,(anonymous_3)
FNDA:1,(anonymous_4)
FNDA:1,(anonymous_5)
FNDA:1,(anonymous_6)
FNDA:5,(anonymous_7)
FNDA:1,setLogger
FNDA:1,dummyErrorListener
FNDA:1,getLogger
FNDA:0,(anonymous_11)
FNDA:0,(anonymous_12)
FNDA:0,(anonymous_13)
FNDA:0,(anonymous_14)
FNDA:0,(anonymous_15)
FNDA:0,(anonymous_16)
FNDA:0,(anonymous_17)
DA:1,1
DA:2,1
DA:3,1
DA:5,1
DA:7,1
DA:9,0
DA:12,1
DA:13,1
DA:16,1
DA:17,1
DA:20,1
DA:21,1
DA:24,1
DA:25,1
DA:28,1
DA:29,1
DA:32,5
DA:33,5
DA:38,1
DA:39,1
DA:40,1
DA:41,1
DA:44,1
DA:50,1
DA:52,1
DA:53,1
DA:56,1
DA:57,1
DA:59,1
DA:62,1
DA:71,0
DA:72,0
DA:73,0
DA:74,0
DA:75,0
DA:76,0
DA:78,0
DA:83,0
DA:84,0
DA:88,0
DA:89,0
DA:93,0
DA:94,0
DA:98,0
DA:99,0
DA:103,0
DA:104,0
DA:108,1
LF:48
LH:30
BRDA:52,1,0,1
BRDA:52,1,1,0
BRDA:72,2,0,0
BRDA:72,2,1,0
BRDA:73,3,0,0
BRDA:73,3,1,0
BRF:6
BRH:1
end_of_record
TN:
SF:/Users/stephenlong/developmentRepo/fh-forms/lib/impl/searchSubmissions.js
FN:11,submissionSearch
FN:16,validateParams
FN:21,(anonymous_3)
FN:23,(anonymous_4)
FN:25,resolveAppName
FN:33,reformatFormIdAndName
FN:44,(anonymous_7)
FN:49,(anonymous_8)
FN:54,(anonymous_9)
FN:58,restrict
FN:63,(anonymous_11)
FN:69,(anonymous_12)
FN:154,escapeForRegex
FN:164,parseNumberValue
FN:172,queryBuilderDoesNotContain
FN:177,queryBuilderContains
FN:181,queryBuilderBeginsWith
FN:185,queryBuilderEndsWith
FN:189,queryBuilderIsEqualTo
FN:196,queryBuilderIsGreaterThan
FN:200,queryBuilderIsLessThan
FN:204,queryBuilderIsAt
FN:208,queryBuilderIsBefore
FN:212,queryBuilderIsAfter
FN:216,queryBuilderIs
FN:220,queryBuilderIsNot
FN:224,constructValueQuery
FN:233,buildQuery
FN:244,(anonymous_29)
FN:246,(anonymous_30)
FN:258,(anonymous_31)
FN:260,(anonymous_32)
FN:270,(anonymous_33)
FN:293,restrictSubmissionForSummary
FN:298,(anonymous_35)
FN:307,(anonymous_36)
FNF:36
FNH:10
FNDA:0,submissionSearch
FNDA:0,validateParams
FNDA:0,(anonymous_3)
FNDA:0,(anonymous_4)
FNDA:0,resolveAppName
FNDA:0,reformatFormIdAndName
FNDA:0,(anonymous_7)
FNDA:0,(anonymous_8)
FNDA:0,(anonymous_9)
FNDA:0,restrict
FNDA:0,(anonymous_11)
FNDA:0,(anonymous_12)
FNDA:7,escapeForRegex
FNDA:0,parseNumberValue
FNDA:1,queryBuilderDoesNotContain
FNDA:1,queryBuilderContains
FNDA:0,queryBuilderBeginsWith
FNDA:0,queryBuilderEndsWith
FNDA:0,queryBuilderIsEqualTo
FNDA:0,queryBuilderIsGreaterThan
FNDA:0,queryBuilderIsLessThan
FNDA:0,queryBuilderIsAt
FNDA:0,queryBuilderIsBefore
FNDA:0,queryBuilderIsAfter
FNDA:0,queryBuilderIs
FNDA:0,queryBuilderIsNot
FNDA:2,constructValueQuery
FNDA:1,buildQuery
FNDA:1,(anonymous_29)
FNDA:1,(anonymous_30)
FNDA:1,(anonymous_31)
FNDA:1,(anonymous_32)
FNDA:1,(anonymous_33)
FNDA:0,restrictSubmissionForSummary
FNDA:0,(anonymous_35)
FNDA:0,(anonymous_36)
DA:1,1
DA:2,1
DA:3,1
DA:4,1
DA:6,1
DA:7,1
DA:8,1
DA:11,1
DA:12,0
DA:13,0
DA:14,0
DA:16,1
DA:17,0
DA:21,0
DA:22,0
DA:23,0
DA:25,1
DA:26,0
DA:27,0
DA:28,0
DA:30,0
DA:33,1
DA:34,0
DA:35,0
DA:36,0
DA:39,0
DA:45,0
DA:46,0
DA:47,0
DA:50,0
DA:51,0
DA:52,0
DA:54,0
DA:55,0
DA:56,0
DA:58,1
DA:59,0
DA:60,0
DA:63,0
DA:64,0
DA:65,0
DA:66,0
DA:70,0
DA:71,0
DA:139,1
DA:154,1
DA:155,7
DA:156,147
DA:157,147
DA:158,26
DA:161,7
DA:164,1
DA:165,0
DA:166,0
DA:167,0
DA:169,0
DA:172,1
DA:173,1
DA:174,1
DA:177,1
DA:178,1
DA:181,1
DA:182,0
DA:185,1
DA:186,0
DA:189,1
DA:190,0
DA:191,0
DA:193,0
DA:196,1
DA:197,0
DA:200,1
DA:201,0
DA:204,1
DA:205,0
DA:208,1
DA:209,0
DA:212,1
DA:213,0
DA:216,1
DA:217,0
DA:220,1
DA:221,0
DA:224,1
DA:225,2
DA:226,2
DA:227,2
DA:229,0
DA:233,1
DA:234,1
DA:235,1
DA:236,1
DA:237,1
DA:238,0
DA:240,1
DA:241,1
DA:243,1
DA:244,1
DA:245,1
DA:246,1
DA:247,1
DA:249,1
DA:250,1
DA:251,1
DA:257,1
DA:258,1
DA:259,1
DA:260,1
DA:261,1
DA:263,1
DA:264,1
DA:265,1
DA:266,1
DA:271,1
DA:273,1
DA:274,1
DA:275,0
DA:276,0
DA:278,1
DA:279,1
DA:280,1
DA:283,0
DA:285,1
DA:286,1
DA:293,1
DA:294,0
DA:295,0
DA:296,0
DA:297,0
DA:298,0
DA:299,0
DA:300,0
DA:301,0
DA:302,0
DA:303,0
DA:306,0
DA:308,0
DA:310,0
DA:311,0
DA:313,0
DA:315,0
DA:319,1
LF:142
LH:73
BRDA:22,1,0,0
BRDA:22,1,1,0
BRDA:27,2,0,0
BRDA:27,2,1,0
BRDA:27,3,0,0
BRDA:27,3,1,0
BRDA:27,3,2,0
BRDA:45,4,0,0
BRDA:45,4,1,0
BRDA:52,5,0,0
BRDA:52,5,1,0
BRDA:55,6,0,0
BRDA:55,6,1,0
BRDA:59,7,0,0
BRDA:59,7,1,0
BRDA:64,8,0,0
BRDA:64,8,1,0
BRDA:70,9,0,0
BRDA:70,9,1,0
BRDA:157,10,0,26
BRDA:157,10,1,121
BRDA:157,11,0,147
BRDA:157,11,1,147
BRDA:166,12,0,0
BRDA:166,12,1,0
BRDA:190,13,0,0
BRDA:190,13,1,0
BRDA:190,14,0,0
BRDA:190,14,1,0
BRDA:190,14,2,0
BRDA:225,15,0,2
BRDA:225,15,1,0
BRDA:237,16,0,0
BRDA:237,16,1,1
BRDA:240,17,0,1
BRDA:240,17,1,0
BRDA:243,18,0,1
BRDA:243,18,1,0
BRDA:243,19,0,1
BRDA:243,19,1,1
BRDA:247,20,0,0
BRDA:247,20,1,1
BRDA:261,21,0,0
BRDA:261,21,1,1
BRDA:271,22,0,0
BRDA:271,22,1,1
BRDA:274,23,0,0
BRDA:274,23,1,1
BRDA:274,24,0,1
BRDA:274,24,1,1
BRDA:275,25,0,0
BRDA:275,25,1,0
BRDA:278,26,0,1
BRDA:278,26,1,0
BRDA:278,27,0,1
BRDA:278,27,1,1
BRDA:279,28,0,1
BRDA:279,28,1,0
BRDA:300,29,0,0
BRDA:300,29,1,0
BRDA:302,30,0,0
BRDA:302,30,1,0
BRDA:310,31,0,0
BRDA:310,31,1,0
BRDA:310,32,0,0
BRDA:310,32,1,0
BRDA:313,33,0,0
BRDA:313,33,1,0
BRF:68
BRH:20
end_of_record
TN:
SF:/Users/stephenlong/developmentRepo/fh-forms/lib/common/validate.js
FN:1,(anonymous_1)
FN:4,(anonymous_2)
FN:25,(anonymous_3)
FN:42,(anonymous_4)
FN:44,(anonymous_5)
FNF:5
FNH:0
FNDA:0,(anonymous_1)
FNDA:0,(anonymous_2)
FNDA:0,(anonymous_3)
FNDA:0,(anonymous_4)
FNDA:0,(anonymous_5)
DA:1,1
DA:3,0
DA:5,0
DA:6,0
DA:8,0
DA:9,0
DA:11,0
DA:12,0
DA:13,0
DA:15,0
DA:16,0
DA:17,0
DA:20,0
DA:21,0
DA:23,0
DA:26,0
DA:27,0
DA:28,0
DA:29,0
DA:30,0
DA:32,0
DA:33,0
DA:34,0
DA:37,0
DA:38,0
DA:40,0
DA:43,0
DA:45,0
LF:28
LH:1
BRDA:8,1,0,0
BRDA:8,1,1,0
BRDA:8,2,0,0
BRDA:8,2,1,0
BRDA:12,3,0,0
BRDA:12,3,1,0
BRDA:15,4,0,0
BRDA:15,4,1,0
BRDA:15,5,0,0
BRDA:15,5,1,0
BRDA:16,6,0,0
BRDA:16,6,1,0
BRDA:20,7,0,0
BRDA:20,7,1,0
BRDA:20,8,0,0
BRDA:20,8,1,0
BRDA:29,9,0,0
BRDA:29,9,1,0
BRDA:32,10,0,0
BRDA:32,10,1,0
BRDA:33,11,0,0
BRDA:33,11,1,0
BRDA:37,12,0,0
BRDA:37,12,1,0
BRDA:37,13,0,0
BRDA:37,13,1,0
BRDA:45,14,0,0
BRDA:45,14,1,0
BRF:28
BRH:0
end_of_record
TN:
SF:/Users/stephenlong/developmentRepo/fh-forms/lib/common/misc.js
FN:5,generatePageAndFieldRefs
FN:22,mapSubmissionValsToFormsFields
FN:29,(anonymous_3)
FN:31,(anonymous_4)
FN:32,(anonymous_5)
FN:49,(anonymous_6)
FN:56,(anonymous_7)
FN:67,(anonymous_8)
FNF:8
FNH:6
FNDA:0,generatePageAndFieldRefs
FNDA:1,mapSubmissionValsToFormsFields
FNDA:1,(anonymous_3)
FNDA:2,(anonymous_4)
FNDA:3,(anonymous_5)
FNDA:0,(anonymous_6)
FNDA:1,(anonymous_7)
FNDA:1,(anonymous_8)
DA:1,1
DA:2,1
DA:3,1
DA:5,1
DA:6,0
DA:7,0
DA:9,0
DA:10,0
DA:12,0
DA:13,0
DA:14,0
DA:15,0
DA:19,0
DA:22,1
DA:23,1
DA:24,1
DA:25,0
DA:26,1
DA:27,0
DA:29,1
DA:31,1
DA:32,2
DA:34,3
DA:35,3
DA:36,2
DA:38,3
DA:40,2
DA:41,2
DA:44,0
DA:46,2
DA:49,0
DA:50,0
DA:51,0
DA:52,0
DA:54,0
DA:56,1
DA:57,1
DA:58,1
DA:59,1
DA:62,1
DA:64,1
DA:68,1
DA:69,1
DA:74,1
DA:75,1
LF:45
LH:28
BRDA:24,1,0,0
BRDA:24,1,1,1
BRDA:26,2,0,0
BRDA:26,2,1,1
BRDA:35,3,0,2
BRDA:35,3,1,1
BRDA:40,4,0,2
BRDA:40,4,1,0
BRDA:41,5,0,2
BRDA:41,5,1,0
BRDA:46,6,0,0
BRDA:46,6,1,0
BRDA:46,6,2,1
BRDA:46,6,3,1
BRDA:57,7,0,1
BRDA:57,7,1,0
BRF:16
BRH:9
end_of_record
TN:
SF:/Users/stephenlong/developmentRepo/fh-forms/lib/common/themeCSSGenerator.js
FN:2,(anonymous_1)
FN:2174,findSection
FN:2176,(anonymous_3)
FN:2181,(anonymous_4)
FN:2197,generateCSS
FN:2199,parseStyleNumber
FN:2212,generateSpacingCSS
FN:2234,generateStyleType
FN:2236,(anonymous_9)
FN:2243,(anonymous_10)
FN:2283,(anonymous_11)
FN:2310,(anonymous_12)
FN:2313,(anonymous_13)
FN:2369,generateCSSClassName
FN:2386,generateStaticCSS
FN:2405,generateClassAdditions
FN:2423,generateLogoCSS
FN:2459,generateThemeCSS
FN:2474,(anonymous_19)
FN:2478,(anonymous_20)
FNF:20
FNH:20
FNDA:23,(anonymous_1)
FNDA:115,findSection
FNDA:590,(anonymous_3)
FNDA:579,(anonymous_4)
FNDA:40,generateCSS
FNDA:184,parseStyleNumber
FNDA:46,generateSpacingCSS
FNDA:200,generateStyleType
FNDA:22,(anonymous_9)
FNDA:23,(anonymous_10)
FNDA:18,(anonymous_11)
FNDA:24,(anonymous_12)
FNDA:22,(anonymous_13)
FNDA:31,generateCSSClassName
FNDA:55,generateStaticCSS
FNDA:28,generateClassAdditions
FNDA:3,generateLogoCSS
FNDA:2,generateThemeCSS
FNDA:7,(anonymous_19)
FNDA:27,(anonymous_20)
DA:2,1
DA:3,23
DA:4,23
DA:5,23
DA:755,23
DA:757,23
DA:2171,23
DA:2172,23
DA:2174,1
DA:2175,115
DA:2176,115
DA:2177,590
DA:2180,115
DA:2181,115
DA:2182,579
DA:2185,115
DA:2186,114
DA:2188,1
DA:2189,1
DA:2192,0
DA:2193,0
DA:2197,1
DA:2199,1
DA:2200,184
DA:2201,180
DA:2202,180
DA:2203,180
DA:2205,0
DA:2208,4
DA:2212,1
DA:2213,46
DA:2215,46
DA:2216,46
DA:2217,46
DA:2218,46
DA:2219,46
DA:2220,46
DA:2221,46
DA:2224,46
DA:2225,44
DA:2226,44
DA:2227,44
DA:2229,2
DA:2230,2
DA:2234,1
DA:2235,200
DA:2237,22
DA:2238,22
DA:2240,0
DA:2244,23
DA:2246,23
DA:2247,23
DA:2249,0
DA:2252,23
DA:2253,23
DA:2255,0
DA:2258,23
DA:2259,23
DA:2261,0
DA:2264,23
DA:2265,23
DA:2266,5
DA:2267,5
DA:2268,18
DA:2269,14
DA:2270,14
DA:2271,4
DA:2272,4
DA:2273,4
DA:2275,0
DA:2278,0
DA:2281,23
DA:2284,18
DA:2286,18
DA:2287,18
DA:2288,1
DA:2290,17
DA:2293,0
DA:2296,17
DA:2297,17
DA:2299,0
DA:2302,17
DA:2303,17
DA:2305,0
DA:2308,17
DA:2311,24
DA:2314,22
DA:2318,200
DA:2319,113
DA:2320,113
DA:2321,0
DA:2322,0
DA:2325,113
DA:2326,4
DA:2327,4
DA:2330,109
DA:2331,109
DA:2333,0
DA:2334,0
DA:2336,87
DA:2337,87
DA:2339,0
DA:2343,40
DA:2344,40
DA:2345,40
DA:2346,40
DA:2347,40
DA:2349,40
DA:2350,1
DA:2351,1
DA:2352,39
DA:2353,1
DA:2354,1
DA:2355,38
DA:2356,1
DA:2357,1
DA:2358,37
DA:2359,3
DA:2360,3
DA:2361,34
DA:2362,0
DA:2363,0
DA:2366,34
DA:2369,1
DA:2371,31
DA:2372,2
DA:2373,0
DA:2375,2
DA:2379,29
DA:2380,10
DA:2382,19
DA:2386,1
DA:2387,55
DA:2388,55
DA:2390,55
DA:2391,66
DA:2392,66
DA:2393,0
DA:2396,66
DA:2397,0
DA:2399,66
DA:2402,55
DA:2405,1
DA:2406,28
DA:2408,28
DA:2410,28
DA:2411,28
DA:2412,25
DA:2413,25
DA:2414,25
DA:2416,25
DA:2420,28
DA:2423,1
DA:2424,3
DA:2425,2
DA:2426,2
DA:2427,2
DA:2428,2
DA:2429,2
DA:2430,2
DA:2431,2
DA:2434,2
DA:2435,2
DA:2436,2
DA:2437,2
DA:2439,2
DA:2441,2
DA:2443,2
DA:2445,2
DA:2447,2
DA:2449,0
DA:2452,0
DA:2455,1
DA:2459,1
DA:2461,2
DA:2462,0
DA:2465,2
DA:2467,2
DA:2468,0
DA:2469,0
DA:2470,0
DA:2471,0
DA:2474,2
DA:2475,7
DA:2477,7
DA:2478,7
DA:2479,27
DA:2480,27
DA:2482,27
DA:2483,27
DA:2484,0
DA:2485,0
DA:2486,0
DA:2487,0
DA:2488,0
DA:2491,27
DA:2492,27
DA:2493,0
DA:2494,0
DA:2495,0
DA:2496,0
DA:2497,0
DA:2500,27
DA:2501,27
DA:2502,0
DA:2503,0
DA:2504,0
DA:2505,0
DA:2506,0
DA:2509,27
DA:2511,27
DA:2513,27
DA:2515,27
DA:2518,2
DA:2520,2
DA:2522,2
DA:2528,23
DA:2537,23
DA:2545,1
LF:219
LH:175
BRDA:755,1,0,20
BRDA:755,1,1,3
BRDA:2180,2,0,115
BRDA:2180,2,1,0
BRDA:2185,3,0,114
BRDA:2185,3,1,1
BRDA:2200,4,0,180
BRDA:2200,4,1,4
BRDA:2200,5,0,184
BRDA:2200,5,1,184
BRDA:2202,6,0,180
BRDA:2202,6,1,0
BRDA:2213,7,0,46
BRDA:2213,7,1,0
BRDA:2224,8,0,44
BRDA:2224,8,1,2
BRDA:2224,9,0,46
BRDA:2224,9,1,45
BRDA:2224,9,2,44
BRDA:2224,9,3,44
BRDA:2237,10,0,22
BRDA:2237,10,1,0
BRDA:2246,11,0,23
BRDA:2246,11,1,0
BRDA:2252,12,0,23
BRDA:2252,12,1,0
BRDA:2258,13,0,23
BRDA:2258,13,1,0
BRDA:2264,14,0,23
BRDA:2264,14,1,0
BRDA:2265,15,0,5
BRDA:2265,15,1,18
BRDA:2268,16,0,14
BRDA:2268,16,1,4
BRDA:2271,17,0,4
BRDA:2271,17,1,0
BRDA:2286,18,0,18
BRDA:2286,18,1,0
BRDA:2287,19,0,1
BRDA:2287,19,1,17
BRDA:2296,20,0,17
BRDA:2296,20,1,0
BRDA:2302,21,0,17
BRDA:2302,21,1,0
BRDA:2318,22,0,113
BRDA:2318,22,1,87
BRDA:2320,23,0,0
BRDA:2320,23,1,113
BRDA:2325,24,0,4
BRDA:2325,24,1,109
BRDA:2330,25,0,109
BRDA:2330,25,1,0
BRDA:2336,26,0,87
BRDA:2336,26,1,0
BRDA:2349,27,0,1
BRDA:2349,27,1,39
BRDA:2352,28,0,1
BRDA:2352,28,1,38
BRDA:2355,29,0,1
BRDA:2355,29,1,37
BRDA:2358,30,0,3
BRDA:2358,30,1,34
BRDA:2361,31,0,0
BRDA:2361,31,1,34
BRDA:2371,32,0,2
BRDA:2371,32,1,29
BRDA:2372,33,0,0
BRDA:2372,33,1,2
BRDA:2379,34,0,10
BRDA:2379,34,1,19
BRDA:2388,35,0,54
BRDA:2388,35,1,1
BRDA:2392,36,0,0
BRDA:2392,36,1,66
BRDA:2396,37,0,0
BRDA:2396,37,1,66
BRDA:2408,38,0,9
BRDA:2408,38,1,19
BRDA:2410,39,0,28
BRDA:2410,39,1,0
BRDA:2424,40,0,2
BRDA:2424,40,1,1
BRDA:2425,41,0,2
BRDA:2425,41,1,0
BRDA:2434,42,0,2
BRDA:2434,42,1,0
BRDA:2434,43,0,2
BRDA:2434,43,1,2
BRDA:2434,43,2,2
BRDA:2461,44,0,0
BRDA:2461,44,1,2
BRDA:2461,45,0,2
BRDA:2461,45,1,2
BRDA:2467,46,0,0
BRDA:2467,46,1,2
BRDA:2477,47,0,7
BRDA:2477,47,1,0
BRDA:2483,48,0,0
BRDA:2483,48,1,27
BRDA:2492,49,0,0
BRDA:2492,49,1,27
BRDA:2501,50,0,0
BRDA:2501,50,1,27
BRF:103
BRH:75
end_of_record
